[30-Apr-2018 21:56:50 UTC] PHP Warning:  include(dbConnection.php): failed to open stream: No such file or directory in /home/ubuntu/workspace/llouks/Lab10/pets/pets.php on line 4
[30-Apr-2018 21:56:50 UTC] PHP Stack trace:
[30-Apr-2018 21:56:50 UTC] PHP   1. {main}() /home/ubuntu/workspace/llouks/Lab10/pets/pets.php:0
[30-Apr-2018 21:56:50 UTC] PHP Warning:  include(): Failed opening 'dbConnection.php' for inclusion (include_path='.:/usr/share/php:/usr/share/pear') in /home/ubuntu/workspace/llouks/Lab10/pets/pets.php on line 4
[30-Apr-2018 21:56:50 UTC] PHP Stack trace:
[30-Apr-2018 21:56:50 UTC] PHP   1. {main}() /home/ubuntu/workspace/llouks/Lab10/pets/pets.php:0
[30-Apr-2018 21:56:50 UTC] PHP Fatal error:  Call to undefined function getDatabaseConnection() in /home/ubuntu/workspace/llouks/Lab10/pets/pets.php on line 9
[30-Apr-2018 21:56:50 UTC] PHP Stack trace:
[30-Apr-2018 21:56:50 UTC] PHP   1. {main}() /home/ubuntu/workspace/llouks/Lab10/pets/pets.php:0
[30-Apr-2018 21:56:50 UTC] PHP   2. getAllPets() /home/ubuntu/workspace/llouks/Lab10/pets/pets.php:21
[30-Apr-2018 21:57:18 UTC] PHP Warning:  include(dbConnection.php): failed to open stream: No such file or directory in /home/ubuntu/workspace/llouks/Lab10/pets/pets.php on line 4
[30-Apr-2018 21:57:18 UTC] PHP Stack trace:
[30-Apr-2018 21:57:18 UTC] PHP   1. {main}() /home/ubuntu/workspace/llouks/Lab10/pets/pets.php:0
[30-Apr-2018 21:57:18 UTC] PHP Warning:  include(): Failed opening 'dbConnection.php' for inclusion (include_path='.:/usr/share/php:/usr/share/pear') in /home/ubuntu/workspace/llouks/Lab10/pets/pets.php on line 4
[30-Apr-2018 21:57:18 UTC] PHP Stack trace:
[30-Apr-2018 21:57:18 UTC] PHP   1. {main}() /home/ubuntu/workspace/llouks/Lab10/pets/pets.php:0
[30-Apr-2018 21:57:18 UTC] PHP Fatal error:  Call to undefined function getDatabaseConnection() in /home/ubuntu/workspace/llouks/Lab10/pets/pets.php on line 9
[30-Apr-2018 21:57:18 UTC] PHP Stack trace:
[30-Apr-2018 21:57:18 UTC] PHP   1. {main}() /home/ubuntu/workspace/llouks/Lab10/pets/pets.php:0
[30-Apr-2018 21:57:18 UTC] PHP   2. getAllPets() /home/ubuntu/workspace/llouks/Lab10/pets/pets.php:21
[30-Apr-2018 21:57:19 UTC] PHP Warning:  include(dbConnection.php): failed to open stream: No such file or directory in /home/ubuntu/workspace/llouks/Lab10/pets/pets.php on line 4
[30-Apr-2018 21:57:19 UTC] PHP Stack trace:
[30-Apr-2018 21:57:19 UTC] PHP   1. {main}() /home/ubuntu/workspace/llouks/Lab10/pets/pets.php:0
[30-Apr-2018 21:57:19 UTC] PHP Warning:  include(): Failed opening 'dbConnection.php' for inclusion (include_path='.:/usr/share/php:/usr/share/pear') in /home/ubuntu/workspace/llouks/Lab10/pets/pets.php on line 4
[30-Apr-2018 21:57:19 UTC] PHP Stack trace:
[30-Apr-2018 21:57:19 UTC] PHP   1. {main}() /home/ubuntu/workspace/llouks/Lab10/pets/pets.php:0
[30-Apr-2018 21:57:19 UTC] PHP Fatal error:  Call to undefined function getDatabaseConnection() in /home/ubuntu/workspace/llouks/Lab10/pets/pets.php on line 9
[30-Apr-2018 21:57:19 UTC] PHP Stack trace:
[30-Apr-2018 21:57:19 UTC] PHP   1. {main}() /home/ubuntu/workspace/llouks/Lab10/pets/pets.php:0
[30-Apr-2018 21:57:19 UTC] PHP   2. getAllPets() /home/ubuntu/workspace/llouks/Lab10/pets/pets.php:21
[30-Apr-2018 21:58:03 UTC] PHP Warning:  include(dbConnection.php): failed to open stream: No such file or directory in /home/ubuntu/workspace/llouks/Lab10/pets/pets.php on line 4
[30-Apr-2018 21:58:03 UTC] PHP Stack trace:
[30-Apr-2018 21:58:03 UTC] PHP   1. {main}() /home/ubuntu/workspace/llouks/Lab10/pets/pets.php:0
[30-Apr-2018 21:58:03 UTC] PHP Warning:  include(): Failed opening 'dbConnection.php' for inclusion (include_path='.:/usr/share/php:/usr/share/pear') in /home/ubuntu/workspace/llouks/Lab10/pets/pets.php on line 4
[30-Apr-2018 21:58:03 UTC] PHP Stack trace:
[30-Apr-2018 21:58:03 UTC] PHP   1. {main}() /home/ubuntu/workspace/llouks/Lab10/pets/pets.php:0
[30-Apr-2018 21:58:03 UTC] PHP Fatal error:  Call to undefined function getDatabaseConnection() in /home/ubuntu/workspace/llouks/Lab10/pets/pets.php on line 9
[30-Apr-2018 21:58:03 UTC] PHP Stack trace:
[30-Apr-2018 21:58:03 UTC] PHP   1. {main}() /home/ubuntu/workspace/llouks/Lab10/pets/pets.php:0
[30-Apr-2018 21:58:03 UTC] PHP   2. getAllPets() /home/ubuntu/workspace/llouks/Lab10/pets/pets.php:21
[30-Apr-2018 21:58:03 UTC] PHP Warning:  include(dbConnection.php): failed to open stream: No such file or directory in /home/ubuntu/workspace/llouks/Lab10/pets/pets.php on line 4
[30-Apr-2018 21:58:03 UTC] PHP Stack trace:
[30-Apr-2018 21:58:03 UTC] PHP   1. {main}() /home/ubuntu/workspace/llouks/Lab10/pets/pets.php:0
[30-Apr-2018 21:58:03 UTC] PHP Warning:  include(): Failed opening 'dbConnection.php' for inclusion (include_path='.:/usr/share/php:/usr/share/pear') in /home/ubuntu/workspace/llouks/Lab10/pets/pets.php on line 4
[30-Apr-2018 21:58:03 UTC] PHP Stack trace:
[30-Apr-2018 21:58:03 UTC] PHP   1. {main}() /home/ubuntu/workspace/llouks/Lab10/pets/pets.php:0
[30-Apr-2018 21:58:03 UTC] PHP Fatal error:  Call to undefined function getDatabaseConnection() in /home/ubuntu/workspace/llouks/Lab10/pets/pets.php on line 9
[30-Apr-2018 21:58:03 UTC] PHP Stack trace:
[30-Apr-2018 21:58:03 UTC] PHP   1. {main}() /home/ubuntu/workspace/llouks/Lab10/pets/pets.php:0
[30-Apr-2018 21:58:03 UTC] PHP   2. getAllPets() /home/ubuntu/workspace/llouks/Lab10/pets/pets.php:21
[30-Apr-2018 21:59:20 UTC] PHP Warning:  include(dbConnection.php): failed to open stream: No such file or directory in /home/ubuntu/workspace/llouks/Lab10/pets/pets.php on line 4
[30-Apr-2018 21:59:20 UTC] PHP Stack trace:
[30-Apr-2018 21:59:20 UTC] PHP   1. {main}() /home/ubuntu/workspace/llouks/Lab10/pets/pets.php:0
[30-Apr-2018 21:59:20 UTC] PHP Warning:  include(): Failed opening 'dbConnection.php' for inclusion (include_path='.:/usr/share/php:/usr/share/pear') in /home/ubuntu/workspace/llouks/Lab10/pets/pets.php on line 4
[30-Apr-2018 21:59:20 UTC] PHP Stack trace:
[30-Apr-2018 21:59:20 UTC] PHP   1. {main}() /home/ubuntu/workspace/llouks/Lab10/pets/pets.php:0
[30-Apr-2018 21:59:20 UTC] PHP Fatal error:  Call to undefined function getDatabaseConnection() in /home/ubuntu/workspace/llouks/Lab10/pets/pets.php on line 9
[30-Apr-2018 21:59:20 UTC] PHP Stack trace:
[30-Apr-2018 21:59:20 UTC] PHP   1. {main}() /home/ubuntu/workspace/llouks/Lab10/pets/pets.php:0
[30-Apr-2018 21:59:20 UTC] PHP   2. getAllPets() /home/ubuntu/workspace/llouks/Lab10/pets/pets.php:21
[30-Apr-2018 22:14:21 UTC] PHP Warning:  include(pets/api/getPetInfo.php): failed to open stream: No such file or directory in /home/ubuntu/workspace/llouks/Lab10/pets/pets.php on line 5
[30-Apr-2018 22:14:21 UTC] PHP Stack trace:
[30-Apr-2018 22:14:21 UTC] PHP   1. {main}() /home/ubuntu/workspace/llouks/Lab10/pets/pets.php:0
[30-Apr-2018 22:14:21 UTC] PHP Warning:  include(): Failed opening 'pets/api/getPetInfo.php' for inclusion (include_path='.:/usr/share/php:/usr/share/pear') in /home/ubuntu/workspace/llouks/Lab10/pets/pets.php on line 5
[30-Apr-2018 22:14:21 UTC] PHP Stack trace:
[30-Apr-2018 22:14:21 UTC] PHP   1. {main}() /home/ubuntu/workspace/llouks/Lab10/pets/pets.php:0
[30-Apr-2018 22:20:26 UTC] PHP Fatal error:  Cannot redeclare getDatabaseConnection() (previously declared in /home/ubuntu/workspace/llouks/Lab10/pets/dbConnection.php:4) in /home/ubuntu/workspace/llouks/Lab10/pets/dbConnection.php on line 4
[30-Apr-2018 22:20:26 UTC] PHP Stack trace:
[30-Apr-2018 22:20:26 UTC] PHP   1. {main}() /home/ubuntu/workspace/llouks/Lab10/pets/pets.php:0
[30-Apr-2018 22:20:26 UTC] PHP   2. include() /home/ubuntu/workspace/llouks/Lab10/pets/pets.php:5
[30-Apr-2018 22:21:43 UTC] PHP Warning:  include(../../../dbConnection.php): failed to open stream: No such file or directory in /home/ubuntu/workspace/llouks/Lab10/pets/api/getPetInfo.php on line 3
[30-Apr-2018 22:21:43 UTC] PHP Stack trace:
[30-Apr-2018 22:21:43 UTC] PHP   1. {main}() /home/ubuntu/workspace/llouks/Lab10/pets/pets.php:0
[30-Apr-2018 22:21:43 UTC] PHP   2. include() /home/ubuntu/workspace/llouks/Lab10/pets/pets.php:5
[30-Apr-2018 22:21:43 UTC] PHP Warning:  include(): Failed opening '../../../dbConnection.php' for inclusion (include_path='.:/usr/share/php:/usr/share/pear') in /home/ubuntu/workspace/llouks/Lab10/pets/api/getPetInfo.php on line 3
[30-Apr-2018 22:21:43 UTC] PHP Stack trace:
[30-Apr-2018 22:21:43 UTC] PHP   1. {main}() /home/ubuntu/workspace/llouks/Lab10/pets/pets.php:0
[30-Apr-2018 22:21:43 UTC] PHP   2. include() /home/ubuntu/workspace/llouks/Lab10/pets/pets.php:5
[30-Apr-2018 22:22:12 UTC] PHP Warning:  include(../../../dbConnection.php): failed to open stream: No such file or directory in /home/ubuntu/workspace/llouks/Lab10/pets/api/getPetInfo.php on line 3
[30-Apr-2018 22:22:12 UTC] PHP Stack trace:
[30-Apr-2018 22:22:12 UTC] PHP   1. {main}() /home/ubuntu/workspace/llouks/Lab10/pets/pets.php:0
[30-Apr-2018 22:22:12 UTC] PHP   2. include() /home/ubuntu/workspace/llouks/Lab10/pets/pets.php:5
[30-Apr-2018 22:22:12 UTC] PHP Warning:  include(): Failed opening '../../../dbConnection.php' for inclusion (include_path='.:/usr/share/php:/usr/share/pear') in /home/ubuntu/workspace/llouks/Lab10/pets/api/getPetInfo.php on line 3
[30-Apr-2018 22:22:12 UTC] PHP Stack trace:
[30-Apr-2018 22:22:12 UTC] PHP   1. {main}() /home/ubuntu/workspace/llouks/Lab10/pets/pets.php:0
[30-Apr-2018 22:22:12 UTC] PHP   2. include() /home/ubuntu/workspace/llouks/Lab10/pets/pets.php:5
[30-Apr-2018 22:22:21 UTC] PHP Fatal error:  Cannot redeclare getDatabaseConnection() (previously declared in /home/ubuntu/workspace/llouks/Lab10/pets/dbConnection.php:4) in /home/ubuntu/workspace/llouks/Lab10/pets/dbConnection.php on line 4
[30-Apr-2018 22:22:21 UTC] PHP Stack trace:
[30-Apr-2018 22:22:21 UTC] PHP   1. {main}() /home/ubuntu/workspace/llouks/Lab10/pets/pets.php:0
[30-Apr-2018 22:22:21 UTC] PHP   2. include() /home/ubuntu/workspace/llouks/Lab10/pets/pets.php:5
[30-Apr-2018 22:22:22 UTC] PHP Fatal error:  Cannot redeclare getDatabaseConnection() (previously declared in /home/ubuntu/workspace/llouks/Lab10/pets/dbConnection.php:4) in /home/ubuntu/workspace/llouks/Lab10/pets/dbConnection.php on line 4
[30-Apr-2018 22:22:22 UTC] PHP Stack trace:
[30-Apr-2018 22:22:22 UTC] PHP   1. {main}() /home/ubuntu/workspace/llouks/Lab10/pets/pets.php:0
[30-Apr-2018 22:22:22 UTC] PHP   2. include() /home/ubuntu/workspace/llouks/Lab10/pets/pets.php:5
[30-Apr-2018 22:23:07 UTC] PHP Fatal error:  Cannot redeclare getDatabaseConnection() (previously declared in /home/ubuntu/workspace/llouks/Lab10/pets/dbConnection.php:4) in /home/ubuntu/workspace/llouks/Lab10/pets/dbConnection.php on line 4
[30-Apr-2018 22:23:07 UTC] PHP Stack trace:
[30-Apr-2018 22:23:07 UTC] PHP   1. {main}() /home/ubuntu/workspace/llouks/Lab10/pets/pets.php:0
[30-Apr-2018 22:23:07 UTC] PHP   2. include() /home/ubuntu/workspace/llouks/Lab10/pets/pets.php:5
[30-Apr-2018 22:23:09 UTC] PHP Fatal error:  Cannot redeclare getDatabaseConnection() (previously declared in /home/ubuntu/workspace/llouks/Lab10/pets/dbConnection.php:4) in /home/ubuntu/workspace/llouks/Lab10/pets/dbConnection.php on line 4
[30-Apr-2018 22:23:09 UTC] PHP Stack trace:
[30-Apr-2018 22:23:09 UTC] PHP   1. {main}() /home/ubuntu/workspace/llouks/Lab10/pets/pets.php:0
[30-Apr-2018 22:23:09 UTC] PHP   2. include() /home/ubuntu/workspace/llouks/Lab10/pets/pets.php:5
[30-Apr-2018 22:24:07 UTC] PHP Fatal error:  Cannot redeclare getDatabaseConnection() (previously declared in /home/ubuntu/workspace/llouks/Lab10/pets/dbConnection.php:4) in /home/ubuntu/workspace/llouks/Lab10/pets/dbConnection.php on line 4
[30-Apr-2018 22:24:07 UTC] PHP Stack trace:
[30-Apr-2018 22:24:07 UTC] PHP   1. {main}() /home/ubuntu/workspace/llouks/Lab10/pets/pets.php:0
[30-Apr-2018 22:24:07 UTC] PHP   2. include() /home/ubuntu/workspace/llouks/Lab10/pets/pets.php:5
[30-Apr-2018 22:26:33 UTC] PHP Fatal error:  Cannot redeclare getDatabaseConnection() (previously declared in /home/ubuntu/workspace/llouks/Lab10/pets/dbConnection.php:4) in /home/ubuntu/workspace/llouks/Lab10/pets/dbConnection.php on line 4
[30-Apr-2018 22:26:33 UTC] PHP Stack trace:
[30-Apr-2018 22:26:33 UTC] PHP   1. {main}() /home/ubuntu/workspace/llouks/Lab10/pets/pets.php:0
[30-Apr-2018 22:26:33 UTC] PHP   2. include() /home/ubuntu/workspace/llouks/Lab10/pets/pets.php:5
[30-Apr-2018 22:26:34 UTC] PHP Fatal error:  Cannot redeclare getDatabaseConnection() (previously declared in /home/ubuntu/workspace/llouks/Lab10/pets/dbConnection.php:4) in /home/ubuntu/workspace/llouks/Lab10/pets/dbConnection.php on line 4
[30-Apr-2018 22:26:34 UTC] PHP Stack trace:
[30-Apr-2018 22:26:34 UTC] PHP   1. {main}() /home/ubuntu/workspace/llouks/Lab10/pets/pets.php:0
[30-Apr-2018 22:26:34 UTC] PHP   2. include() /home/ubuntu/workspace/llouks/Lab10/pets/pets.php:5
[30-Apr-2018 22:26:34 UTC] PHP Fatal error:  Cannot redeclare getDatabaseConnection() (previously declared in /home/ubuntu/workspace/llouks/Lab10/pets/dbConnection.php:4) in /home/ubuntu/workspace/llouks/Lab10/pets/dbConnection.php on line 4
[30-Apr-2018 22:26:34 UTC] PHP Stack trace:
[30-Apr-2018 22:26:34 UTC] PHP   1. {main}() /home/ubuntu/workspace/llouks/Lab10/pets/pets.php:0
[30-Apr-2018 22:26:34 UTC] PHP   2. include() /home/ubuntu/workspace/llouks/Lab10/pets/pets.php:5
[30-Apr-2018 22:26:34 UTC] PHP Fatal error:  Cannot redeclare getDatabaseConnection() (previously declared in /home/ubuntu/workspace/llouks/Lab10/pets/dbConnection.php:4) in /home/ubuntu/workspace/llouks/Lab10/pets/dbConnection.php on line 4
[30-Apr-2018 22:26:34 UTC] PHP Stack trace:
[30-Apr-2018 22:26:34 UTC] PHP   1. {main}() /home/ubuntu/workspace/llouks/Lab10/pets/pets.php:0
[30-Apr-2018 22:26:34 UTC] PHP   2. include() /home/ubuntu/workspace/llouks/Lab10/pets/pets.php:5
[30-Apr-2018 22:26:34 UTC] PHP Fatal error:  Cannot redeclare getDatabaseConnection() (previously declared in /home/ubuntu/workspace/llouks/Lab10/pets/dbConnection.php:4) in /home/ubuntu/workspace/llouks/Lab10/pets/dbConnection.php on line 4
[30-Apr-2018 22:26:34 UTC] PHP Stack trace:
[30-Apr-2018 22:26:34 UTC] PHP   1. {main}() /home/ubuntu/workspace/llouks/Lab10/pets/pets.php:0
[30-Apr-2018 22:26:34 UTC] PHP   2. include() /home/ubuntu/workspace/llouks/Lab10/pets/pets.php:5
[30-Apr-2018 22:26:35 UTC] PHP Fatal error:  Cannot redeclare getDatabaseConnection() (previously declared in /home/ubuntu/workspace/llouks/Lab10/pets/dbConnection.php:4) in /home/ubuntu/workspace/llouks/Lab10/pets/dbConnection.php on line 4
[30-Apr-2018 22:26:35 UTC] PHP Stack trace:
[30-Apr-2018 22:26:35 UTC] PHP   1. {main}() /home/ubuntu/workspace/llouks/Lab10/pets/pets.php:0
[30-Apr-2018 22:26:35 UTC] PHP   2. include() /home/ubuntu/workspace/llouks/Lab10/pets/pets.php:5
[30-Apr-2018 22:27:01 UTC] PHP Fatal error:  Cannot redeclare getDatabaseConnection() (previously declared in /home/ubuntu/workspace/llouks/Lab10/pets/dbConnection.php:4) in /home/ubuntu/workspace/llouks/Lab10/pets/api/dbConnection.php on line 4
[30-Apr-2018 22:27:01 UTC] PHP Stack trace:
[30-Apr-2018 22:27:01 UTC] PHP   1. {main}() /home/ubuntu/workspace/llouks/Lab10/pets/pets.php:0
[30-Apr-2018 22:27:01 UTC] PHP   2. include() /home/ubuntu/workspace/llouks/Lab10/pets/pets.php:5
[30-Apr-2018 22:27:01 UTC] PHP Fatal error:  Cannot redeclare getDatabaseConnection() (previously declared in /home/ubuntu/workspace/llouks/Lab10/pets/dbConnection.php:4) in /home/ubuntu/workspace/llouks/Lab10/pets/api/dbConnection.php on line 4
[30-Apr-2018 22:27:01 UTC] PHP Stack trace:
[30-Apr-2018 22:27:01 UTC] PHP   1. {main}() /home/ubuntu/workspace/llouks/Lab10/pets/pets.php:0
[30-Apr-2018 22:27:01 UTC] PHP   2. include() /home/ubuntu/workspace/llouks/Lab10/pets/pets.php:5
[30-Apr-2018 22:27:02 UTC] PHP Fatal error:  Cannot redeclare getDatabaseConnection() (previously declared in /home/ubuntu/workspace/llouks/Lab10/pets/dbConnection.php:4) in /home/ubuntu/workspace/llouks/Lab10/pets/api/dbConnection.php on line 4
[30-Apr-2018 22:27:02 UTC] PHP Stack trace:
[30-Apr-2018 22:27:02 UTC] PHP   1. {main}() /home/ubuntu/workspace/llouks/Lab10/pets/pets.php:0
[30-Apr-2018 22:27:02 UTC] PHP   2. include() /home/ubuntu/workspace/llouks/Lab10/pets/pets.php:5
