[19-Feb-2018 22:40:19 UTC] PHP Parse error:  syntax error, unexpected ''course</h2>' (T_ENCAPSED_AND_WHITESPACE), expecting ']' in /home/ubuntu/workspace/llouks/practice/getSession.php on line 17
[19-Feb-2018 22:49:07 UTC] PHP Parse error:  syntax error, unexpected 'echo' (T_ECHO), expecting ',' or ';' in /home/ubuntu/workspace/llouks/practice/randomCardSession.php on line 77
[19-Feb-2018 22:49:08 UTC] PHP Parse error:  syntax error, unexpected 'echo' (T_ECHO), expecting ',' or ';' in /home/ubuntu/workspace/llouks/practice/randomCardSession.php on line 77
[19-Feb-2018 22:49:08 UTC] PHP Parse error:  syntax error, unexpected 'echo' (T_ECHO), expecting ',' or ';' in /home/ubuntu/workspace/llouks/practice/randomCardSession.php on line 77
[19-Feb-2018 22:49:17 UTC] PHP Parse error:  syntax error, unexpected ')' in /home/ubuntu/workspace/llouks/practice/randomCardSession.php on line 4
[19-Feb-2018 22:49:18 UTC] PHP Parse error:  syntax error, unexpected ')' in /home/ubuntu/workspace/llouks/practice/randomCardSession.php on line 4
[19-Feb-2018 22:49:19 UTC] PHP Parse error:  syntax error, unexpected ')' in /home/ubuntu/workspace/llouks/practice/randomCardSession.php on line 4
[19-Feb-2018 23:30:00 UTC] PHP Fatal error:  Call to undefined function generatePassword() in /home/ubuntu/workspace/llouks/Challenge/password.php on line 41
[19-Feb-2018 23:30:00 UTC] PHP Stack trace:
[19-Feb-2018 23:30:00 UTC] PHP   1. {main}() /home/ubuntu/workspace/llouks/Challenge/password.php:0
[19-Feb-2018 23:30:37 UTC] PHP Parse error:  syntax error, unexpected ')', expecting '&' or variable (T_VARIABLE) in /home/ubuntu/workspace/llouks/Challenge/password.php on line 4
[19-Feb-2018 23:31:38 UTC] PHP Parse error:  syntax error, unexpected '25' (T_LNUMBER), expecting '&' or variable (T_VARIABLE) in /home/ubuntu/workspace/llouks/Challenge/password.php on line 4
[19-Feb-2018 23:38:28 UTC] PHP Warning:  implode(): Argument must be an array in /home/ubuntu/workspace/llouks/Challenge/password.php on line 36
[19-Feb-2018 23:38:28 UTC] PHP Stack trace:
[19-Feb-2018 23:38:28 UTC] PHP   1. {main}() /home/ubuntu/workspace/llouks/Challenge/password.php:0
[19-Feb-2018 23:38:28 UTC] PHP   2. displayPassword() /home/ubuntu/workspace/llouks/Challenge/password.php:50
[19-Feb-2018 23:38:28 UTC] PHP   3. implode() /home/ubuntu/workspace/llouks/Challenge/password.php:36
[19-Feb-2018 23:38:28 UTC] PHP Warning:  implode(): Argument must be an array in /home/ubuntu/workspace/llouks/Challenge/password.php on line 36
[19-Feb-2018 23:38:28 UTC] PHP Stack trace:
[19-Feb-2018 23:38:28 UTC] PHP   1. {main}() /home/ubuntu/workspace/llouks/Challenge/password.php:0
[19-Feb-2018 23:38:28 UTC] PHP   2. displayPassword() /home/ubuntu/workspace/llouks/Challenge/password.php:50
[19-Feb-2018 23:38:28 UTC] PHP   3. implode() /home/ubuntu/workspace/llouks/Challenge/password.php:36
[19-Feb-2018 23:38:28 UTC] PHP Warning:  implode(): Argument must be an array in /home/ubuntu/workspace/llouks/Challenge/password.php on line 36
[19-Feb-2018 23:38:28 UTC] PHP Stack trace:
[19-Feb-2018 23:38:28 UTC] PHP   1. {main}() /home/ubuntu/workspace/llouks/Challenge/password.php:0
[19-Feb-2018 23:38:28 UTC] PHP   2. displayPassword() /home/ubuntu/workspace/llouks/Challenge/password.php:50
[19-Feb-2018 23:38:28 UTC] PHP   3. implode() /home/ubuntu/workspace/llouks/Challenge/password.php:36
[19-Feb-2018 23:38:28 UTC] PHP Warning:  implode(): Argument must be an array in /home/ubuntu/workspace/llouks/Challenge/password.php on line 36
[19-Feb-2018 23:38:28 UTC] PHP Stack trace:
[19-Feb-2018 23:38:28 UTC] PHP   1. {main}() /home/ubuntu/workspace/llouks/Challenge/password.php:0
[19-Feb-2018 23:38:28 UTC] PHP   2. displayPassword() /home/ubuntu/workspace/llouks/Challenge/password.php:50
[19-Feb-2018 23:38:28 UTC] PHP   3. implode() /home/ubuntu/workspace/llouks/Challenge/password.php:36
[19-Feb-2018 23:38:28 UTC] PHP Warning:  implode(): Argument must be an array in /home/ubuntu/workspace/llouks/Challenge/password.php on line 36
[19-Feb-2018 23:38:28 UTC] PHP Stack trace:
[19-Feb-2018 23:38:28 UTC] PHP   1. {main}() /home/ubuntu/workspace/llouks/Challenge/password.php:0
[19-Feb-2018 23:38:28 UTC] PHP   2. displayPassword() /home/ubuntu/workspace/llouks/Challenge/password.php:50
[19-Feb-2018 23:38:28 UTC] PHP   3. implode() /home/ubuntu/workspace/llouks/Challenge/password.php:36
[19-Feb-2018 23:38:28 UTC] PHP Warning:  implode(): Argument must be an array in /home/ubuntu/workspace/llouks/Challenge/password.php on line 36
[19-Feb-2018 23:38:28 UTC] PHP Stack trace:
[19-Feb-2018 23:38:28 UTC] PHP   1. {main}() /home/ubuntu/workspace/llouks/Challenge/password.php:0
[19-Feb-2018 23:38:28 UTC] PHP   2. displayPassword() /home/ubuntu/workspace/llouks/Challenge/password.php:50
[19-Feb-2018 23:38:28 UTC] PHP   3. implode() /home/ubuntu/workspace/llouks/Challenge/password.php:36
[19-Feb-2018 23:38:28 UTC] PHP Warning:  implode(): Argument must be an array in /home/ubuntu/workspace/llouks/Challenge/password.php on line 36
[19-Feb-2018 23:38:28 UTC] PHP Stack trace:
[19-Feb-2018 23:38:28 UTC] PHP   1. {main}() /home/ubuntu/workspace/llouks/Challenge/password.php:0
[19-Feb-2018 23:38:28 UTC] PHP   2. displayPassword() /home/ubuntu/workspace/llouks/Challenge/password.php:50
[19-Feb-2018 23:38:28 UTC] PHP   3. implode() /home/ubuntu/workspace/llouks/Challenge/password.php:36
[19-Feb-2018 23:38:28 UTC] PHP Warning:  implode(): Argument must be an array in /home/ubuntu/workspace/llouks/Challenge/password.php on line 36
[19-Feb-2018 23:38:28 UTC] PHP Stack trace:
[19-Feb-2018 23:38:28 UTC] PHP   1. {main}() /home/ubuntu/workspace/llouks/Challenge/password.php:0
[19-Feb-2018 23:38:28 UTC] PHP   2. displayPassword() /home/ubuntu/workspace/llouks/Challenge/password.php:50
[19-Feb-2018 23:38:28 UTC] PHP   3. implode() /home/ubuntu/workspace/llouks/Challenge/password.php:36
[19-Feb-2018 23:38:28 UTC] PHP Warning:  implode(): Argument must be an array in /home/ubuntu/workspace/llouks/Challenge/password.php on line 36
[19-Feb-2018 23:38:28 UTC] PHP Stack trace:
[19-Feb-2018 23:38:28 UTC] PHP   1. {main}() /home/ubuntu/workspace/llouks/Challenge/password.php:0
[19-Feb-2018 23:38:28 UTC] PHP   2. displayPassword() /home/ubuntu/workspace/llouks/Challenge/password.php:50
[19-Feb-2018 23:38:28 UTC] PHP   3. implode() /home/ubuntu/workspace/llouks/Challenge/password.php:36
[19-Feb-2018 23:38:28 UTC] PHP Warning:  implode(): Argument must be an array in /home/ubuntu/workspace/llouks/Challenge/password.php on line 36
[19-Feb-2018 23:38:28 UTC] PHP Stack trace:
[19-Feb-2018 23:38:28 UTC] PHP   1. {main}() /home/ubuntu/workspace/llouks/Challenge/password.php:0
[19-Feb-2018 23:38:28 UTC] PHP   2. displayPassword() /home/ubuntu/workspace/llouks/Challenge/password.php:50
[19-Feb-2018 23:38:28 UTC] PHP   3. implode() /home/ubuntu/workspace/llouks/Challenge/password.php:36
[19-Feb-2018 23:38:28 UTC] PHP Warning:  implode(): Argument must be an array in /home/ubuntu/workspace/llouks/Challenge/password.php on line 36
[19-Feb-2018 23:38:28 UTC] PHP Stack trace:
[19-Feb-2018 23:38:28 UTC] PHP   1. {main}() /home/ubuntu/workspace/llouks/Challenge/password.php:0
[19-Feb-2018 23:38:28 UTC] PHP   2. displayPassword() /home/ubuntu/workspace/llouks/Challenge/password.php:50
[19-Feb-2018 23:38:28 UTC] PHP   3. implode() /home/ubuntu/workspace/llouks/Challenge/password.php:36
[19-Feb-2018 23:38:28 UTC] PHP Warning:  implode(): Argument must be an array in /home/ubuntu/workspace/llouks/Challenge/password.php on line 36
[19-Feb-2018 23:38:28 UTC] PHP Stack trace:
[19-Feb-2018 23:38:28 UTC] PHP   1. {main}() /home/ubuntu/workspace/llouks/Challenge/password.php:0
[19-Feb-2018 23:38:28 UTC] PHP   2. displayPassword() /home/ubuntu/workspace/llouks/Challenge/password.php:50
[19-Feb-2018 23:38:28 UTC] PHP   3. implode() /home/ubuntu/workspace/llouks/Challenge/password.php:36
[19-Feb-2018 23:38:28 UTC] PHP Warning:  implode(): Argument must be an array in /home/ubuntu/workspace/llouks/Challenge/password.php on line 36
[19-Feb-2018 23:38:28 UTC] PHP Stack trace:
[19-Feb-2018 23:38:28 UTC] PHP   1. {main}() /home/ubuntu/workspace/llouks/Challenge/password.php:0
[19-Feb-2018 23:38:28 UTC] PHP   2. displayPassword() /home/ubuntu/workspace/llouks/Challenge/password.php:50
[19-Feb-2018 23:38:28 UTC] PHP   3. implode() /home/ubuntu/workspace/llouks/Challenge/password.php:36
[19-Feb-2018 23:38:28 UTC] PHP Warning:  implode(): Argument must be an array in /home/ubuntu/workspace/llouks/Challenge/password.php on line 36
[19-Feb-2018 23:38:28 UTC] PHP Stack trace:
[19-Feb-2018 23:38:28 UTC] PHP   1. {main}() /home/ubuntu/workspace/llouks/Challenge/password.php:0
[19-Feb-2018 23:38:28 UTC] PHP   2. displayPassword() /home/ubuntu/workspace/llouks/Challenge/password.php:50
[19-Feb-2018 23:38:28 UTC] PHP   3. implode() /home/ubuntu/workspace/llouks/Challenge/password.php:36
[19-Feb-2018 23:38:28 UTC] PHP Warning:  implode(): Argument must be an array in /home/ubuntu/workspace/llouks/Challenge/password.php on line 36
[19-Feb-2018 23:38:28 UTC] PHP Stack trace:
[19-Feb-2018 23:38:28 UTC] PHP   1. {main}() /home/ubuntu/workspace/llouks/Challenge/password.php:0
[19-Feb-2018 23:38:28 UTC] PHP   2. displayPassword() /home/ubuntu/workspace/llouks/Challenge/password.php:50
[19-Feb-2018 23:38:28 UTC] PHP   3. implode() /home/ubuntu/workspace/llouks/Challenge/password.php:36
[19-Feb-2018 23:38:28 UTC] PHP Warning:  implode(): Argument must be an array in /home/ubuntu/workspace/llouks/Challenge/password.php on line 36
[19-Feb-2018 23:38:28 UTC] PHP Stack trace:
[19-Feb-2018 23:38:28 UTC] PHP   1. {main}() /home/ubuntu/workspace/llouks/Challenge/password.php:0
[19-Feb-2018 23:38:28 UTC] PHP   2. displayPassword() /home/ubuntu/workspace/llouks/Challenge/password.php:50
[19-Feb-2018 23:38:28 UTC] PHP   3. implode() /home/ubuntu/workspace/llouks/Challenge/password.php:36
[19-Feb-2018 23:38:28 UTC] PHP Warning:  implode(): Argument must be an array in /home/ubuntu/workspace/llouks/Challenge/password.php on line 36
[19-Feb-2018 23:38:28 UTC] PHP Stack trace:
[19-Feb-2018 23:38:28 UTC] PHP   1. {main}() /home/ubuntu/workspace/llouks/Challenge/password.php:0
[19-Feb-2018 23:38:28 UTC] PHP   2. displayPassword() /home/ubuntu/workspace/llouks/Challenge/password.php:50
[19-Feb-2018 23:38:28 UTC] PHP   3. implode() /home/ubuntu/workspace/llouks/Challenge/password.php:36
[19-Feb-2018 23:38:28 UTC] PHP Warning:  implode(): Argument must be an array in /home/ubuntu/workspace/llouks/Challenge/password.php on line 36
[19-Feb-2018 23:38:28 UTC] PHP Stack trace:
[19-Feb-2018 23:38:28 UTC] PHP   1. {main}() /home/ubuntu/workspace/llouks/Challenge/password.php:0
[19-Feb-2018 23:38:28 UTC] PHP   2. displayPassword() /home/ubuntu/workspace/llouks/Challenge/password.php:50
[19-Feb-2018 23:38:28 UTC] PHP   3. implode() /home/ubuntu/workspace/llouks/Challenge/password.php:36
[19-Feb-2018 23:38:28 UTC] PHP Warning:  implode(): Argument must be an array in /home/ubuntu/workspace/llouks/Challenge/password.php on line 36
[19-Feb-2018 23:38:28 UTC] PHP Stack trace:
[19-Feb-2018 23:38:28 UTC] PHP   1. {main}() /home/ubuntu/workspace/llouks/Challenge/password.php:0
[19-Feb-2018 23:38:28 UTC] PHP   2. displayPassword() /home/ubuntu/workspace/llouks/Challenge/password.php:50
[19-Feb-2018 23:38:28 UTC] PHP   3. implode() /home/ubuntu/workspace/llouks/Challenge/password.php:36
[19-Feb-2018 23:38:28 UTC] PHP Warning:  implode(): Argument must be an array in /home/ubuntu/workspace/llouks/Challenge/password.php on line 36
[19-Feb-2018 23:38:28 UTC] PHP Stack trace:
[19-Feb-2018 23:38:28 UTC] PHP   1. {main}() /home/ubuntu/workspace/llouks/Challenge/password.php:0
[19-Feb-2018 23:38:28 UTC] PHP   2. displayPassword() /home/ubuntu/workspace/llouks/Challenge/password.php:50
[19-Feb-2018 23:38:28 UTC] PHP   3. implode() /home/ubuntu/workspace/llouks/Challenge/password.php:36
[19-Feb-2018 23:38:28 UTC] PHP Warning:  implode(): Argument must be an array in /home/ubuntu/workspace/llouks/Challenge/password.php on line 36
[19-Feb-2018 23:38:28 UTC] PHP Stack trace:
[19-Feb-2018 23:38:28 UTC] PHP   1. {main}() /home/ubuntu/workspace/llouks/Challenge/password.php:0
[19-Feb-2018 23:38:28 UTC] PHP   2. displayPassword() /home/ubuntu/workspace/llouks/Challenge/password.php:50
[19-Feb-2018 23:38:28 UTC] PHP   3. implode() /home/ubuntu/workspace/llouks/Challenge/password.php:36
[19-Feb-2018 23:38:28 UTC] PHP Warning:  implode(): Argument must be an array in /home/ubuntu/workspace/llouks/Challenge/password.php on line 36
[19-Feb-2018 23:38:28 UTC] PHP Stack trace:
[19-Feb-2018 23:38:28 UTC] PHP   1. {main}() /home/ubuntu/workspace/llouks/Challenge/password.php:0
[19-Feb-2018 23:38:28 UTC] PHP   2. displayPassword() /home/ubuntu/workspace/llouks/Challenge/password.php:50
[19-Feb-2018 23:38:28 UTC] PHP   3. implode() /home/ubuntu/workspace/llouks/Challenge/password.php:36
[19-Feb-2018 23:38:28 UTC] PHP Warning:  implode(): Argument must be an array in /home/ubuntu/workspace/llouks/Challenge/password.php on line 36
[19-Feb-2018 23:38:28 UTC] PHP Stack trace:
[19-Feb-2018 23:38:28 UTC] PHP   1. {main}() /home/ubuntu/workspace/llouks/Challenge/password.php:0
[19-Feb-2018 23:38:28 UTC] PHP   2. displayPassword() /home/ubuntu/workspace/llouks/Challenge/password.php:50
[19-Feb-2018 23:38:28 UTC] PHP   3. implode() /home/ubuntu/workspace/llouks/Challenge/password.php:36
[19-Feb-2018 23:38:28 UTC] PHP Warning:  implode(): Argument must be an array in /home/ubuntu/workspace/llouks/Challenge/password.php on line 36
[19-Feb-2018 23:38:28 UTC] PHP Stack trace:
[19-Feb-2018 23:38:28 UTC] PHP   1. {main}() /home/ubuntu/workspace/llouks/Challenge/password.php:0
[19-Feb-2018 23:38:28 UTC] PHP   2. displayPassword() /home/ubuntu/workspace/llouks/Challenge/password.php:50
[19-Feb-2018 23:38:28 UTC] PHP   3. implode() /home/ubuntu/workspace/llouks/Challenge/password.php:36
[19-Feb-2018 23:38:28 UTC] PHP Warning:  implode(): Argument must be an array in /home/ubuntu/workspace/llouks/Challenge/password.php on line 36
[19-Feb-2018 23:38:28 UTC] PHP Stack trace:
[19-Feb-2018 23:38:28 UTC] PHP   1. {main}() /home/ubuntu/workspace/llouks/Challenge/password.php:0
[19-Feb-2018 23:38:28 UTC] PHP   2. displayPassword() /home/ubuntu/workspace/llouks/Challenge/password.php:50
[19-Feb-2018 23:38:28 UTC] PHP   3. implode() /home/ubuntu/workspace/llouks/Challenge/password.php:36
[19-Feb-2018 23:39:47 UTC] PHP Warning:  implode(): Argument must be an array in /home/ubuntu/workspace/llouks/Challenge/password.php on line 36
[19-Feb-2018 23:39:47 UTC] PHP Stack trace:
[19-Feb-2018 23:39:47 UTC] PHP   1. {main}() /home/ubuntu/workspace/llouks/Challenge/password.php:0
[19-Feb-2018 23:39:47 UTC] PHP   2. displayPassword() /home/ubuntu/workspace/llouks/Challenge/password.php:52
[19-Feb-2018 23:39:47 UTC] PHP   3. implode() /home/ubuntu/workspace/llouks/Challenge/password.php:36
[19-Feb-2018 23:39:47 UTC] PHP Warning:  implode(): Argument must be an array in /home/ubuntu/workspace/llouks/Challenge/password.php on line 36
[19-Feb-2018 23:39:47 UTC] PHP Stack trace:
[19-Feb-2018 23:39:47 UTC] PHP   1. {main}() /home/ubuntu/workspace/llouks/Challenge/password.php:0
[19-Feb-2018 23:39:47 UTC] PHP   2. displayPassword() /home/ubuntu/workspace/llouks/Challenge/password.php:52
[19-Feb-2018 23:39:47 UTC] PHP   3. implode() /home/ubuntu/workspace/llouks/Challenge/password.php:36
[19-Feb-2018 23:39:47 UTC] PHP Warning:  implode(): Argument must be an array in /home/ubuntu/workspace/llouks/Challenge/password.php on line 36
[19-Feb-2018 23:39:47 UTC] PHP Stack trace:
[19-Feb-2018 23:39:47 UTC] PHP   1. {main}() /home/ubuntu/workspace/llouks/Challenge/password.php:0
[19-Feb-2018 23:39:47 UTC] PHP   2. displayPassword() /home/ubuntu/workspace/llouks/Challenge/password.php:52
[19-Feb-2018 23:39:47 UTC] PHP   3. implode() /home/ubuntu/workspace/llouks/Challenge/password.php:36
[19-Feb-2018 23:39:47 UTC] PHP Warning:  implode(): Argument must be an array in /home/ubuntu/workspace/llouks/Challenge/password.php on line 36
[19-Feb-2018 23:39:47 UTC] PHP Stack trace:
[19-Feb-2018 23:39:47 UTC] PHP   1. {main}() /home/ubuntu/workspace/llouks/Challenge/password.php:0
[19-Feb-2018 23:39:47 UTC] PHP   2. displayPassword() /home/ubuntu/workspace/llouks/Challenge/password.php:52
[19-Feb-2018 23:39:47 UTC] PHP   3. implode() /home/ubuntu/workspace/llouks/Challenge/password.php:36
[19-Feb-2018 23:39:47 UTC] PHP Warning:  implode(): Argument must be an array in /home/ubuntu/workspace/llouks/Challenge/password.php on line 36
[19-Feb-2018 23:39:47 UTC] PHP Stack trace:
[19-Feb-2018 23:39:47 UTC] PHP   1. {main}() /home/ubuntu/workspace/llouks/Challenge/password.php:0
[19-Feb-2018 23:39:47 UTC] PHP   2. displayPassword() /home/ubuntu/workspace/llouks/Challenge/password.php:52
[19-Feb-2018 23:39:47 UTC] PHP   3. implode() /home/ubuntu/workspace/llouks/Challenge/password.php:36
[19-Feb-2018 23:39:47 UTC] PHP Warning:  implode(): Argument must be an array in /home/ubuntu/workspace/llouks/Challenge/password.php on line 36
[19-Feb-2018 23:39:47 UTC] PHP Stack trace:
[19-Feb-2018 23:39:47 UTC] PHP   1. {main}() /home/ubuntu/workspace/llouks/Challenge/password.php:0
[19-Feb-2018 23:39:47 UTC] PHP   2. displayPassword() /home/ubuntu/workspace/llouks/Challenge/password.php:52
[19-Feb-2018 23:39:47 UTC] PHP   3. implode() /home/ubuntu/workspace/llouks/Challenge/password.php:36
[19-Feb-2018 23:39:47 UTC] PHP Warning:  implode(): Argument must be an array in /home/ubuntu/workspace/llouks/Challenge/password.php on line 36
[19-Feb-2018 23:39:47 UTC] PHP Stack trace:
[19-Feb-2018 23:39:47 UTC] PHP   1. {main}() /home/ubuntu/workspace/llouks/Challenge/password.php:0
[19-Feb-2018 23:39:47 UTC] PHP   2. displayPassword() /home/ubuntu/workspace/llouks/Challenge/password.php:52
[19-Feb-2018 23:39:47 UTC] PHP   3. implode() /home/ubuntu/workspace/llouks/Challenge/password.php:36
[19-Feb-2018 23:39:47 UTC] PHP Warning:  implode(): Argument must be an array in /home/ubuntu/workspace/llouks/Challenge/password.php on line 36
[19-Feb-2018 23:39:47 UTC] PHP Stack trace:
[19-Feb-2018 23:39:47 UTC] PHP   1. {main}() /home/ubuntu/workspace/llouks/Challenge/password.php:0
[19-Feb-2018 23:39:47 UTC] PHP   2. displayPassword() /home/ubuntu/workspace/llouks/Challenge/password.php:52
[19-Feb-2018 23:39:47 UTC] PHP   3. implode() /home/ubuntu/workspace/llouks/Challenge/password.php:36
[19-Feb-2018 23:39:47 UTC] PHP Warning:  implode(): Argument must be an array in /home/ubuntu/workspace/llouks/Challenge/password.php on line 36
[19-Feb-2018 23:39:47 UTC] PHP Stack trace:
[19-Feb-2018 23:39:47 UTC] PHP   1. {main}() /home/ubuntu/workspace/llouks/Challenge/password.php:0
[19-Feb-2018 23:39:47 UTC] PHP   2. displayPassword() /home/ubuntu/workspace/llouks/Challenge/password.php:52
[19-Feb-2018 23:39:47 UTC] PHP   3. implode() /home/ubuntu/workspace/llouks/Challenge/password.php:36
[19-Feb-2018 23:39:47 UTC] PHP Warning:  implode(): Argument must be an array in /home/ubuntu/workspace/llouks/Challenge/password.php on line 36
[19-Feb-2018 23:39:47 UTC] PHP Stack trace:
[19-Feb-2018 23:39:47 UTC] PHP   1. {main}() /home/ubuntu/workspace/llouks/Challenge/password.php:0
[19-Feb-2018 23:39:47 UTC] PHP   2. displayPassword() /home/ubuntu/workspace/llouks/Challenge/password.php:52
[19-Feb-2018 23:39:47 UTC] PHP   3. implode() /home/ubuntu/workspace/llouks/Challenge/password.php:36
[19-Feb-2018 23:39:47 UTC] PHP Warning:  implode(): Argument must be an array in /home/ubuntu/workspace/llouks/Challenge/password.php on line 36
[19-Feb-2018 23:39:47 UTC] PHP Stack trace:
[19-Feb-2018 23:39:47 UTC] PHP   1. {main}() /home/ubuntu/workspace/llouks/Challenge/password.php:0
[19-Feb-2018 23:39:47 UTC] PHP   2. displayPassword() /home/ubuntu/workspace/llouks/Challenge/password.php:52
[19-Feb-2018 23:39:47 UTC] PHP   3. implode() /home/ubuntu/workspace/llouks/Challenge/password.php:36
[19-Feb-2018 23:39:47 UTC] PHP Warning:  implode(): Argument must be an array in /home/ubuntu/workspace/llouks/Challenge/password.php on line 36
[19-Feb-2018 23:39:47 UTC] PHP Stack trace:
[19-Feb-2018 23:39:47 UTC] PHP   1. {main}() /home/ubuntu/workspace/llouks/Challenge/password.php:0
[19-Feb-2018 23:39:47 UTC] PHP   2. displayPassword() /home/ubuntu/workspace/llouks/Challenge/password.php:52
[19-Feb-2018 23:39:47 UTC] PHP   3. implode() /home/ubuntu/workspace/llouks/Challenge/password.php:36
[19-Feb-2018 23:39:47 UTC] PHP Warning:  implode(): Argument must be an array in /home/ubuntu/workspace/llouks/Challenge/password.php on line 36
[19-Feb-2018 23:39:47 UTC] PHP Stack trace:
[19-Feb-2018 23:39:47 UTC] PHP   1. {main}() /home/ubuntu/workspace/llouks/Challenge/password.php:0
[19-Feb-2018 23:39:47 UTC] PHP   2. displayPassword() /home/ubuntu/workspace/llouks/Challenge/password.php:52
[19-Feb-2018 23:39:47 UTC] PHP   3. implode() /home/ubuntu/workspace/llouks/Challenge/password.php:36
[19-Feb-2018 23:39:47 UTC] PHP Warning:  implode(): Argument must be an array in /home/ubuntu/workspace/llouks/Challenge/password.php on line 36
[19-Feb-2018 23:39:47 UTC] PHP Stack trace:
[19-Feb-2018 23:39:47 UTC] PHP   1. {main}() /home/ubuntu/workspace/llouks/Challenge/password.php:0
[19-Feb-2018 23:39:47 UTC] PHP   2. displayPassword() /home/ubuntu/workspace/llouks/Challenge/password.php:52
[19-Feb-2018 23:39:47 UTC] PHP   3. implode() /home/ubuntu/workspace/llouks/Challenge/password.php:36
[19-Feb-2018 23:39:47 UTC] PHP Warning:  implode(): Argument must be an array in /home/ubuntu/workspace/llouks/Challenge/password.php on line 36
[19-Feb-2018 23:39:47 UTC] PHP Stack trace:
[19-Feb-2018 23:39:47 UTC] PHP   1. {main}() /home/ubuntu/workspace/llouks/Challenge/password.php:0
[19-Feb-2018 23:39:47 UTC] PHP   2. displayPassword() /home/ubuntu/workspace/llouks/Challenge/password.php:52
[19-Feb-2018 23:39:47 UTC] PHP   3. implode() /home/ubuntu/workspace/llouks/Challenge/password.php:36
[19-Feb-2018 23:39:47 UTC] PHP Warning:  implode(): Argument must be an array in /home/ubuntu/workspace/llouks/Challenge/password.php on line 36
[19-Feb-2018 23:39:47 UTC] PHP Stack trace:
[19-Feb-2018 23:39:47 UTC] PHP   1. {main}() /home/ubuntu/workspace/llouks/Challenge/password.php:0
[19-Feb-2018 23:39:47 UTC] PHP   2. displayPassword() /home/ubuntu/workspace/llouks/Challenge/password.php:52
[19-Feb-2018 23:39:47 UTC] PHP   3. implode() /home/ubuntu/workspace/llouks/Challenge/password.php:36
[19-Feb-2018 23:39:47 UTC] PHP Warning:  implode(): Argument must be an array in /home/ubuntu/workspace/llouks/Challenge/password.php on line 36
[19-Feb-2018 23:39:47 UTC] PHP Stack trace:
[19-Feb-2018 23:39:47 UTC] PHP   1. {main}() /home/ubuntu/workspace/llouks/Challenge/password.php:0
[19-Feb-2018 23:39:47 UTC] PHP   2. displayPassword() /home/ubuntu/workspace/llouks/Challenge/password.php:52
[19-Feb-2018 23:39:47 UTC] PHP   3. implode() /home/ubuntu/workspace/llouks/Challenge/password.php:36
[19-Feb-2018 23:39:47 UTC] PHP Warning:  implode(): Argument must be an array in /home/ubuntu/workspace/llouks/Challenge/password.php on line 36
[19-Feb-2018 23:39:47 UTC] PHP Stack trace:
[19-Feb-2018 23:39:47 UTC] PHP   1. {main}() /home/ubuntu/workspace/llouks/Challenge/password.php:0
[19-Feb-2018 23:39:47 UTC] PHP   2. displayPassword() /home/ubuntu/workspace/llouks/Challenge/password.php:52
[19-Feb-2018 23:39:47 UTC] PHP   3. implode() /home/ubuntu/workspace/llouks/Challenge/password.php:36
[19-Feb-2018 23:39:47 UTC] PHP Warning:  implode(): Argument must be an array in /home/ubuntu/workspace/llouks/Challenge/password.php on line 36
[19-Feb-2018 23:39:47 UTC] PHP Stack trace:
[19-Feb-2018 23:39:47 UTC] PHP   1. {main}() /home/ubuntu/workspace/llouks/Challenge/password.php:0
[19-Feb-2018 23:39:47 UTC] PHP   2. displayPassword() /home/ubuntu/workspace/llouks/Challenge/password.php:52
[19-Feb-2018 23:39:47 UTC] PHP   3. implode() /home/ubuntu/workspace/llouks/Challenge/password.php:36
[19-Feb-2018 23:39:47 UTC] PHP Warning:  implode(): Argument must be an array in /home/ubuntu/workspace/llouks/Challenge/password.php on line 36
[19-Feb-2018 23:39:47 UTC] PHP Stack trace:
[19-Feb-2018 23:39:47 UTC] PHP   1. {main}() /home/ubuntu/workspace/llouks/Challenge/password.php:0
[19-Feb-2018 23:39:47 UTC] PHP   2. displayPassword() /home/ubuntu/workspace/llouks/Challenge/password.php:52
[19-Feb-2018 23:39:47 UTC] PHP   3. implode() /home/ubuntu/workspace/llouks/Challenge/password.php:36
[19-Feb-2018 23:39:47 UTC] PHP Warning:  implode(): Argument must be an array in /home/ubuntu/workspace/llouks/Challenge/password.php on line 36
[19-Feb-2018 23:39:47 UTC] PHP Stack trace:
[19-Feb-2018 23:39:47 UTC] PHP   1. {main}() /home/ubuntu/workspace/llouks/Challenge/password.php:0
[19-Feb-2018 23:39:47 UTC] PHP   2. displayPassword() /home/ubuntu/workspace/llouks/Challenge/password.php:52
[19-Feb-2018 23:39:47 UTC] PHP   3. implode() /home/ubuntu/workspace/llouks/Challenge/password.php:36
[19-Feb-2018 23:39:47 UTC] PHP Warning:  implode(): Argument must be an array in /home/ubuntu/workspace/llouks/Challenge/password.php on line 36
[19-Feb-2018 23:39:47 UTC] PHP Stack trace:
[19-Feb-2018 23:39:47 UTC] PHP   1. {main}() /home/ubuntu/workspace/llouks/Challenge/password.php:0
[19-Feb-2018 23:39:47 UTC] PHP   2. displayPassword() /home/ubuntu/workspace/llouks/Challenge/password.php:52
[19-Feb-2018 23:39:47 UTC] PHP   3. implode() /home/ubuntu/workspace/llouks/Challenge/password.php:36
[19-Feb-2018 23:39:47 UTC] PHP Warning:  implode(): Argument must be an array in /home/ubuntu/workspace/llouks/Challenge/password.php on line 36
[19-Feb-2018 23:39:47 UTC] PHP Stack trace:
[19-Feb-2018 23:39:47 UTC] PHP   1. {main}() /home/ubuntu/workspace/llouks/Challenge/password.php:0
[19-Feb-2018 23:39:47 UTC] PHP   2. displayPassword() /home/ubuntu/workspace/llouks/Challenge/password.php:52
[19-Feb-2018 23:39:47 UTC] PHP   3. implode() /home/ubuntu/workspace/llouks/Challenge/password.php:36
[19-Feb-2018 23:39:47 UTC] PHP Warning:  implode(): Argument must be an array in /home/ubuntu/workspace/llouks/Challenge/password.php on line 36
[19-Feb-2018 23:39:47 UTC] PHP Stack trace:
[19-Feb-2018 23:39:47 UTC] PHP   1. {main}() /home/ubuntu/workspace/llouks/Challenge/password.php:0
[19-Feb-2018 23:39:47 UTC] PHP   2. displayPassword() /home/ubuntu/workspace/llouks/Challenge/password.php:52
[19-Feb-2018 23:39:47 UTC] PHP   3. implode() /home/ubuntu/workspace/llouks/Challenge/password.php:36
[19-Feb-2018 23:39:47 UTC] PHP Warning:  implode(): Argument must be an array in /home/ubuntu/workspace/llouks/Challenge/password.php on line 36
[19-Feb-2018 23:39:47 UTC] PHP Stack trace:
[19-Feb-2018 23:39:47 UTC] PHP   1. {main}() /home/ubuntu/workspace/llouks/Challenge/password.php:0
[19-Feb-2018 23:39:47 UTC] PHP   2. displayPassword() /home/ubuntu/workspace/llouks/Challenge/password.php:52
[19-Feb-2018 23:39:47 UTC] PHP   3. implode() /home/ubuntu/workspace/llouks/Challenge/password.php:36
[19-Feb-2018 23:39:48 UTC] PHP Warning:  implode(): Argument must be an array in /home/ubuntu/workspace/llouks/Challenge/password.php on line 36
[19-Feb-2018 23:39:48 UTC] PHP Stack trace:
[19-Feb-2018 23:39:48 UTC] PHP   1. {main}() /home/ubuntu/workspace/llouks/Challenge/password.php:0
[19-Feb-2018 23:39:48 UTC] PHP   2. displayPassword() /home/ubuntu/workspace/llouks/Challenge/password.php:52
[19-Feb-2018 23:39:48 UTC] PHP   3. implode() /home/ubuntu/workspace/llouks/Challenge/password.php:36
[19-Feb-2018 23:39:48 UTC] PHP Warning:  implode(): Argument must be an array in /home/ubuntu/workspace/llouks/Challenge/password.php on line 36
[19-Feb-2018 23:39:48 UTC] PHP Stack trace:
[19-Feb-2018 23:39:48 UTC] PHP   1. {main}() /home/ubuntu/workspace/llouks/Challenge/password.php:0
[19-Feb-2018 23:39:48 UTC] PHP   2. displayPassword() /home/ubuntu/workspace/llouks/Challenge/password.php:52
[19-Feb-2018 23:39:48 UTC] PHP   3. implode() /home/ubuntu/workspace/llouks/Challenge/password.php:36
[19-Feb-2018 23:39:48 UTC] PHP Warning:  implode(): Argument must be an array in /home/ubuntu/workspace/llouks/Challenge/password.php on line 36
[19-Feb-2018 23:39:48 UTC] PHP Stack trace:
[19-Feb-2018 23:39:48 UTC] PHP   1. {main}() /home/ubuntu/workspace/llouks/Challenge/password.php:0
[19-Feb-2018 23:39:48 UTC] PHP   2. displayPassword() /home/ubuntu/workspace/llouks/Challenge/password.php:52
[19-Feb-2018 23:39:48 UTC] PHP   3. implode() /home/ubuntu/workspace/llouks/Challenge/password.php:36
[19-Feb-2018 23:39:48 UTC] PHP Warning:  implode(): Argument must be an array in /home/ubuntu/workspace/llouks/Challenge/password.php on line 36
[19-Feb-2018 23:39:48 UTC] PHP Stack trace:
[19-Feb-2018 23:39:48 UTC] PHP   1. {main}() /home/ubuntu/workspace/llouks/Challenge/password.php:0
[19-Feb-2018 23:39:48 UTC] PHP   2. displayPassword() /home/ubuntu/workspace/llouks/Challenge/password.php:52
[19-Feb-2018 23:39:48 UTC] PHP   3. implode() /home/ubuntu/workspace/llouks/Challenge/password.php:36
[19-Feb-2018 23:39:48 UTC] PHP Warning:  implode(): Argument must be an array in /home/ubuntu/workspace/llouks/Challenge/password.php on line 36
[19-Feb-2018 23:39:48 UTC] PHP Stack trace:
[19-Feb-2018 23:39:48 UTC] PHP   1. {main}() /home/ubuntu/workspace/llouks/Challenge/password.php:0
[19-Feb-2018 23:39:48 UTC] PHP   2. displayPassword() /home/ubuntu/workspace/llouks/Challenge/password.php:52
[19-Feb-2018 23:39:48 UTC] PHP   3. implode() /home/ubuntu/workspace/llouks/Challenge/password.php:36
[19-Feb-2018 23:39:48 UTC] PHP Warning:  implode(): Argument must be an array in /home/ubuntu/workspace/llouks/Challenge/password.php on line 36
[19-Feb-2018 23:39:48 UTC] PHP Stack trace:
[19-Feb-2018 23:39:48 UTC] PHP   1. {main}() /home/ubuntu/workspace/llouks/Challenge/password.php:0
[19-Feb-2018 23:39:48 UTC] PHP   2. displayPassword() /home/ubuntu/workspace/llouks/Challenge/password.php:52
[19-Feb-2018 23:39:48 UTC] PHP   3. implode() /home/ubuntu/workspace/llouks/Challenge/password.php:36
[19-Feb-2018 23:39:48 UTC] PHP Warning:  implode(): Argument must be an array in /home/ubuntu/workspace/llouks/Challenge/password.php on line 36
[19-Feb-2018 23:39:48 UTC] PHP Stack trace:
[19-Feb-2018 23:39:48 UTC] PHP   1. {main}() /home/ubuntu/workspace/llouks/Challenge/password.php:0
[19-Feb-2018 23:39:48 UTC] PHP   2. displayPassword() /home/ubuntu/workspace/llouks/Challenge/password.php:52
[19-Feb-2018 23:39:48 UTC] PHP   3. implode() /home/ubuntu/workspace/llouks/Challenge/password.php:36
[19-Feb-2018 23:39:48 UTC] PHP Warning:  implode(): Argument must be an array in /home/ubuntu/workspace/llouks/Challenge/password.php on line 36
[19-Feb-2018 23:39:48 UTC] PHP Stack trace:
[19-Feb-2018 23:39:48 UTC] PHP   1. {main}() /home/ubuntu/workspace/llouks/Challenge/password.php:0
[19-Feb-2018 23:39:48 UTC] PHP   2. displayPassword() /home/ubuntu/workspace/llouks/Challenge/password.php:52
[19-Feb-2018 23:39:48 UTC] PHP   3. implode() /home/ubuntu/workspace/llouks/Challenge/password.php:36
[19-Feb-2018 23:39:48 UTC] PHP Warning:  implode(): Argument must be an array in /home/ubuntu/workspace/llouks/Challenge/password.php on line 36
[19-Feb-2018 23:39:48 UTC] PHP Stack trace:
[19-Feb-2018 23:39:48 UTC] PHP   1. {main}() /home/ubuntu/workspace/llouks/Challenge/password.php:0
[19-Feb-2018 23:39:48 UTC] PHP   2. displayPassword() /home/ubuntu/workspace/llouks/Challenge/password.php:52
[19-Feb-2018 23:39:48 UTC] PHP   3. implode() /home/ubuntu/workspace/llouks/Challenge/password.php:36
[19-Feb-2018 23:39:48 UTC] PHP Warning:  implode(): Argument must be an array in /home/ubuntu/workspace/llouks/Challenge/password.php on line 36
[19-Feb-2018 23:39:48 UTC] PHP Stack trace:
[19-Feb-2018 23:39:48 UTC] PHP   1. {main}() /home/ubuntu/workspace/llouks/Challenge/password.php:0
[19-Feb-2018 23:39:48 UTC] PHP   2. displayPassword() /home/ubuntu/workspace/llouks/Challenge/password.php:52
[19-Feb-2018 23:39:48 UTC] PHP   3. implode() /home/ubuntu/workspace/llouks/Challenge/password.php:36
[19-Feb-2018 23:39:48 UTC] PHP Warning:  implode(): Argument must be an array in /home/ubuntu/workspace/llouks/Challenge/password.php on line 36
[19-Feb-2018 23:39:48 UTC] PHP Stack trace:
[19-Feb-2018 23:39:48 UTC] PHP   1. {main}() /home/ubuntu/workspace/llouks/Challenge/password.php:0
[19-Feb-2018 23:39:48 UTC] PHP   2. displayPassword() /home/ubuntu/workspace/llouks/Challenge/password.php:52
[19-Feb-2018 23:39:48 UTC] PHP   3. implode() /home/ubuntu/workspace/llouks/Challenge/password.php:36
[19-Feb-2018 23:39:48 UTC] PHP Warning:  implode(): Argument must be an array in /home/ubuntu/workspace/llouks/Challenge/password.php on line 36
[19-Feb-2018 23:39:48 UTC] PHP Stack trace:
[19-Feb-2018 23:39:48 UTC] PHP   1. {main}() /home/ubuntu/workspace/llouks/Challenge/password.php:0
[19-Feb-2018 23:39:48 UTC] PHP   2. displayPassword() /home/ubuntu/workspace/llouks/Challenge/password.php:52
[19-Feb-2018 23:39:48 UTC] PHP   3. implode() /home/ubuntu/workspace/llouks/Challenge/password.php:36
[19-Feb-2018 23:39:48 UTC] PHP Warning:  implode(): Argument must be an array in /home/ubuntu/workspace/llouks/Challenge/password.php on line 36
[19-Feb-2018 23:39:48 UTC] PHP Stack trace:
[19-Feb-2018 23:39:48 UTC] PHP   1. {main}() /home/ubuntu/workspace/llouks/Challenge/password.php:0
[19-Feb-2018 23:39:48 UTC] PHP   2. displayPassword() /home/ubuntu/workspace/llouks/Challenge/password.php:52
[19-Feb-2018 23:39:48 UTC] PHP   3. implode() /home/ubuntu/workspace/llouks/Challenge/password.php:36
[19-Feb-2018 23:39:48 UTC] PHP Warning:  implode(): Argument must be an array in /home/ubuntu/workspace/llouks/Challenge/password.php on line 36
[19-Feb-2018 23:39:48 UTC] PHP Stack trace:
[19-Feb-2018 23:39:48 UTC] PHP   1. {main}() /home/ubuntu/workspace/llouks/Challenge/password.php:0
[19-Feb-2018 23:39:48 UTC] PHP   2. displayPassword() /home/ubuntu/workspace/llouks/Challenge/password.php:52
[19-Feb-2018 23:39:48 UTC] PHP   3. implode() /home/ubuntu/workspace/llouks/Challenge/password.php:36
[19-Feb-2018 23:39:48 UTC] PHP Warning:  implode(): Argument must be an array in /home/ubuntu/workspace/llouks/Challenge/password.php on line 36
[19-Feb-2018 23:39:48 UTC] PHP Stack trace:
[19-Feb-2018 23:39:48 UTC] PHP   1. {main}() /home/ubuntu/workspace/llouks/Challenge/password.php:0
[19-Feb-2018 23:39:48 UTC] PHP   2. displayPassword() /home/ubuntu/workspace/llouks/Challenge/password.php:52
[19-Feb-2018 23:39:48 UTC] PHP   3. implode() /home/ubuntu/workspace/llouks/Challenge/password.php:36
[19-Feb-2018 23:39:48 UTC] PHP Warning:  implode(): Argument must be an array in /home/ubuntu/workspace/llouks/Challenge/password.php on line 36
[19-Feb-2018 23:39:48 UTC] PHP Stack trace:
[19-Feb-2018 23:39:48 UTC] PHP   1. {main}() /home/ubuntu/workspace/llouks/Challenge/password.php:0
[19-Feb-2018 23:39:48 UTC] PHP   2. displayPassword() /home/ubuntu/workspace/llouks/Challenge/password.php:52
[19-Feb-2018 23:39:48 UTC] PHP   3. implode() /home/ubuntu/workspace/llouks/Challenge/password.php:36
[19-Feb-2018 23:39:48 UTC] PHP Warning:  implode(): Argument must be an array in /home/ubuntu/workspace/llouks/Challenge/password.php on line 36
[19-Feb-2018 23:39:48 UTC] PHP Stack trace:
[19-Feb-2018 23:39:48 UTC] PHP   1. {main}() /home/ubuntu/workspace/llouks/Challenge/password.php:0
[19-Feb-2018 23:39:48 UTC] PHP   2. displayPassword() /home/ubuntu/workspace/llouks/Challenge/password.php:52
[19-Feb-2018 23:39:48 UTC] PHP   3. implode() /home/ubuntu/workspace/llouks/Challenge/password.php:36
[19-Feb-2018 23:39:48 UTC] PHP Warning:  implode(): Argument must be an array in /home/ubuntu/workspace/llouks/Challenge/password.php on line 36
[19-Feb-2018 23:39:48 UTC] PHP Stack trace:
[19-Feb-2018 23:39:48 UTC] PHP   1. {main}() /home/ubuntu/workspace/llouks/Challenge/password.php:0
[19-Feb-2018 23:39:48 UTC] PHP   2. displayPassword() /home/ubuntu/workspace/llouks/Challenge/password.php:52
[19-Feb-2018 23:39:48 UTC] PHP   3. implode() /home/ubuntu/workspace/llouks/Challenge/password.php:36
[19-Feb-2018 23:39:48 UTC] PHP Warning:  implode(): Argument must be an array in /home/ubuntu/workspace/llouks/Challenge/password.php on line 36
[19-Feb-2018 23:39:48 UTC] PHP Stack trace:
[19-Feb-2018 23:39:48 UTC] PHP   1. {main}() /home/ubuntu/workspace/llouks/Challenge/password.php:0
[19-Feb-2018 23:39:48 UTC] PHP   2. displayPassword() /home/ubuntu/workspace/llouks/Challenge/password.php:52
[19-Feb-2018 23:39:48 UTC] PHP   3. implode() /home/ubuntu/workspace/llouks/Challenge/password.php:36
[19-Feb-2018 23:39:48 UTC] PHP Warning:  implode(): Argument must be an array in /home/ubuntu/workspace/llouks/Challenge/password.php on line 36
[19-Feb-2018 23:39:48 UTC] PHP Stack trace:
[19-Feb-2018 23:39:48 UTC] PHP   1. {main}() /home/ubuntu/workspace/llouks/Challenge/password.php:0
[19-Feb-2018 23:39:48 UTC] PHP   2. displayPassword() /home/ubuntu/workspace/llouks/Challenge/password.php:52
[19-Feb-2018 23:39:48 UTC] PHP   3. implode() /home/ubuntu/workspace/llouks/Challenge/password.php:36
[19-Feb-2018 23:39:48 UTC] PHP Warning:  implode(): Argument must be an array in /home/ubuntu/workspace/llouks/Challenge/password.php on line 36
[19-Feb-2018 23:39:48 UTC] PHP Stack trace:
[19-Feb-2018 23:39:48 UTC] PHP   1. {main}() /home/ubuntu/workspace/llouks/Challenge/password.php:0
[19-Feb-2018 23:39:48 UTC] PHP   2. displayPassword() /home/ubuntu/workspace/llouks/Challenge/password.php:52
[19-Feb-2018 23:39:48 UTC] PHP   3. implode() /home/ubuntu/workspace/llouks/Challenge/password.php:36
[19-Feb-2018 23:39:48 UTC] PHP Warning:  implode(): Argument must be an array in /home/ubuntu/workspace/llouks/Challenge/password.php on line 36
[19-Feb-2018 23:39:48 UTC] PHP Stack trace:
[19-Feb-2018 23:39:48 UTC] PHP   1. {main}() /home/ubuntu/workspace/llouks/Challenge/password.php:0
[19-Feb-2018 23:39:48 UTC] PHP   2. displayPassword() /home/ubuntu/workspace/llouks/Challenge/password.php:52
[19-Feb-2018 23:39:48 UTC] PHP   3. implode() /home/ubuntu/workspace/llouks/Challenge/password.php:36
[19-Feb-2018 23:39:48 UTC] PHP Warning:  implode(): Argument must be an array in /home/ubuntu/workspace/llouks/Challenge/password.php on line 36
[19-Feb-2018 23:39:48 UTC] PHP Stack trace:
[19-Feb-2018 23:39:48 UTC] PHP   1. {main}() /home/ubuntu/workspace/llouks/Challenge/password.php:0
[19-Feb-2018 23:39:48 UTC] PHP   2. displayPassword() /home/ubuntu/workspace/llouks/Challenge/password.php:52
[19-Feb-2018 23:39:48 UTC] PHP   3. implode() /home/ubuntu/workspace/llouks/Challenge/password.php:36
[19-Feb-2018 23:39:48 UTC] PHP Warning:  implode(): Argument must be an array in /home/ubuntu/workspace/llouks/Challenge/password.php on line 36
[19-Feb-2018 23:39:48 UTC] PHP Stack trace:
[19-Feb-2018 23:39:48 UTC] PHP   1. {main}() /home/ubuntu/workspace/llouks/Challenge/password.php:0
[19-Feb-2018 23:39:48 UTC] PHP   2. displayPassword() /home/ubuntu/workspace/llouks/Challenge/password.php:52
[19-Feb-2018 23:39:48 UTC] PHP   3. implode() /home/ubuntu/workspace/llouks/Challenge/password.php:36
[19-Feb-2018 23:39:48 UTC] PHP Warning:  implode(): Argument must be an array in /home/ubuntu/workspace/llouks/Challenge/password.php on line 36
[19-Feb-2018 23:39:48 UTC] PHP Stack trace:
[19-Feb-2018 23:39:48 UTC] PHP   1. {main}() /home/ubuntu/workspace/llouks/Challenge/password.php:0
[19-Feb-2018 23:39:48 UTC] PHP   2. displayPassword() /home/ubuntu/workspace/llouks/Challenge/password.php:52
[19-Feb-2018 23:39:48 UTC] PHP   3. implode() /home/ubuntu/workspace/llouks/Challenge/password.php:36
[19-Feb-2018 23:39:48 UTC] PHP Warning:  implode(): Argument must be an array in /home/ubuntu/workspace/llouks/Challenge/password.php on line 36
[19-Feb-2018 23:39:48 UTC] PHP Stack trace:
[19-Feb-2018 23:39:48 UTC] PHP   1. {main}() /home/ubuntu/workspace/llouks/Challenge/password.php:0
[19-Feb-2018 23:39:48 UTC] PHP   2. displayPassword() /home/ubuntu/workspace/llouks/Challenge/password.php:52
[19-Feb-2018 23:39:48 UTC] PHP   3. implode() /home/ubuntu/workspace/llouks/Challenge/password.php:36
[19-Feb-2018 23:39:48 UTC] PHP Warning:  implode(): Argument must be an array in /home/ubuntu/workspace/llouks/Challenge/password.php on line 36
[19-Feb-2018 23:39:48 UTC] PHP Stack trace:
[19-Feb-2018 23:39:48 UTC] PHP   1. {main}() /home/ubuntu/workspace/llouks/Challenge/password.php:0
[19-Feb-2018 23:39:48 UTC] PHP   2. displayPassword() /home/ubuntu/workspace/llouks/Challenge/password.php:52
[19-Feb-2018 23:39:48 UTC] PHP   3. implode() /home/ubuntu/workspace/llouks/Challenge/password.php:36
[19-Feb-2018 23:39:48 UTC] PHP Warning:  implode(): Argument must be an array in /home/ubuntu/workspace/llouks/Challenge/password.php on line 36
[19-Feb-2018 23:39:48 UTC] PHP Stack trace:
[19-Feb-2018 23:39:48 UTC] PHP   1. {main}() /home/ubuntu/workspace/llouks/Challenge/password.php:0
[19-Feb-2018 23:39:48 UTC] PHP   2. displayPassword() /home/ubuntu/workspace/llouks/Challenge/password.php:52
[19-Feb-2018 23:39:48 UTC] PHP   3. implode() /home/ubuntu/workspace/llouks/Challenge/password.php:36
[19-Feb-2018 23:39:48 UTC] PHP Warning:  implode(): Argument must be an array in /home/ubuntu/workspace/llouks/Challenge/password.php on line 36
[19-Feb-2018 23:39:48 UTC] PHP Stack trace:
[19-Feb-2018 23:39:48 UTC] PHP   1. {main}() /home/ubuntu/workspace/llouks/Challenge/password.php:0
[19-Feb-2018 23:39:48 UTC] PHP   2. displayPassword() /home/ubuntu/workspace/llouks/Challenge/password.php:52
[19-Feb-2018 23:39:48 UTC] PHP   3. implode() /home/ubuntu/workspace/llouks/Challenge/password.php:36
[19-Feb-2018 23:39:48 UTC] PHP Warning:  implode(): Argument must be an array in /home/ubuntu/workspace/llouks/Challenge/password.php on line 36
[19-Feb-2018 23:39:48 UTC] PHP Stack trace:
[19-Feb-2018 23:39:48 UTC] PHP   1. {main}() /home/ubuntu/workspace/llouks/Challenge/password.php:0
[19-Feb-2018 23:39:48 UTC] PHP   2. displayPassword() /home/ubuntu/workspace/llouks/Challenge/password.php:52
[19-Feb-2018 23:39:48 UTC] PHP   3. implode() /home/ubuntu/workspace/llouks/Challenge/password.php:36
[19-Feb-2018 23:39:48 UTC] PHP Warning:  implode(): Argument must be an array in /home/ubuntu/workspace/llouks/Challenge/password.php on line 36
[19-Feb-2018 23:39:48 UTC] PHP Stack trace:
[19-Feb-2018 23:39:48 UTC] PHP   1. {main}() /home/ubuntu/workspace/llouks/Challenge/password.php:0
[19-Feb-2018 23:39:48 UTC] PHP   2. displayPassword() /home/ubuntu/workspace/llouks/Challenge/password.php:52
[19-Feb-2018 23:39:48 UTC] PHP   3. implode() /home/ubuntu/workspace/llouks/Challenge/password.php:36
[19-Feb-2018 23:39:48 UTC] PHP Warning:  implode(): Argument must be an array in /home/ubuntu/workspace/llouks/Challenge/password.php on line 36
[19-Feb-2018 23:39:48 UTC] PHP Stack trace:
[19-Feb-2018 23:39:48 UTC] PHP   1. {main}() /home/ubuntu/workspace/llouks/Challenge/password.php:0
[19-Feb-2018 23:39:48 UTC] PHP   2. displayPassword() /home/ubuntu/workspace/llouks/Challenge/password.php:52
[19-Feb-2018 23:39:48 UTC] PHP   3. implode() /home/ubuntu/workspace/llouks/Challenge/password.php:36
[19-Feb-2018 23:39:48 UTC] PHP Warning:  implode(): Argument must be an array in /home/ubuntu/workspace/llouks/Challenge/password.php on line 36
[19-Feb-2018 23:39:48 UTC] PHP Stack trace:
[19-Feb-2018 23:39:48 UTC] PHP   1. {main}() /home/ubuntu/workspace/llouks/Challenge/password.php:0
[19-Feb-2018 23:39:48 UTC] PHP   2. displayPassword() /home/ubuntu/workspace/llouks/Challenge/password.php:52
[19-Feb-2018 23:39:48 UTC] PHP   3. implode() /home/ubuntu/workspace/llouks/Challenge/password.php:36
[19-Feb-2018 23:39:48 UTC] PHP Warning:  implode(): Argument must be an array in /home/ubuntu/workspace/llouks/Challenge/password.php on line 36
[19-Feb-2018 23:39:48 UTC] PHP Stack trace:
[19-Feb-2018 23:39:48 UTC] PHP   1. {main}() /home/ubuntu/workspace/llouks/Challenge/password.php:0
[19-Feb-2018 23:39:48 UTC] PHP   2. displayPassword() /home/ubuntu/workspace/llouks/Challenge/password.php:52
[19-Feb-2018 23:39:48 UTC] PHP   3. implode() /home/ubuntu/workspace/llouks/Challenge/password.php:36
[19-Feb-2018 23:39:48 UTC] PHP Warning:  implode(): Argument must be an array in /home/ubuntu/workspace/llouks/Challenge/password.php on line 36
[19-Feb-2018 23:39:48 UTC] PHP Stack trace:
[19-Feb-2018 23:39:48 UTC] PHP   1. {main}() /home/ubuntu/workspace/llouks/Challenge/password.php:0
[19-Feb-2018 23:39:48 UTC] PHP   2. displayPassword() /home/ubuntu/workspace/llouks/Challenge/password.php:52
[19-Feb-2018 23:39:48 UTC] PHP   3. implode() /home/ubuntu/workspace/llouks/Challenge/password.php:36
[19-Feb-2018 23:39:48 UTC] PHP Warning:  implode(): Argument must be an array in /home/ubuntu/workspace/llouks/Challenge/password.php on line 36
[19-Feb-2018 23:39:48 UTC] PHP Stack trace:
[19-Feb-2018 23:39:48 UTC] PHP   1. {main}() /home/ubuntu/workspace/llouks/Challenge/password.php:0
[19-Feb-2018 23:39:48 UTC] PHP   2. displayPassword() /home/ubuntu/workspace/llouks/Challenge/password.php:52
[19-Feb-2018 23:39:48 UTC] PHP   3. implode() /home/ubuntu/workspace/llouks/Challenge/password.php:36
[19-Feb-2018 23:39:48 UTC] PHP Warning:  implode(): Argument must be an array in /home/ubuntu/workspace/llouks/Challenge/password.php on line 36
[19-Feb-2018 23:39:48 UTC] PHP Stack trace:
[19-Feb-2018 23:39:48 UTC] PHP   1. {main}() /home/ubuntu/workspace/llouks/Challenge/password.php:0
[19-Feb-2018 23:39:48 UTC] PHP   2. displayPassword() /home/ubuntu/workspace/llouks/Challenge/password.php:52
[19-Feb-2018 23:39:48 UTC] PHP   3. implode() /home/ubuntu/workspace/llouks/Challenge/password.php:36
[19-Feb-2018 23:39:48 UTC] PHP Warning:  implode(): Argument must be an array in /home/ubuntu/workspace/llouks/Challenge/password.php on line 36
[19-Feb-2018 23:39:48 UTC] PHP Stack trace:
[19-Feb-2018 23:39:48 UTC] PHP   1. {main}() /home/ubuntu/workspace/llouks/Challenge/password.php:0
[19-Feb-2018 23:39:48 UTC] PHP   2. displayPassword() /home/ubuntu/workspace/llouks/Challenge/password.php:52
[19-Feb-2018 23:39:48 UTC] PHP   3. implode() /home/ubuntu/workspace/llouks/Challenge/password.php:36
[19-Feb-2018 23:39:48 UTC] PHP Warning:  implode(): Argument must be an array in /home/ubuntu/workspace/llouks/Challenge/password.php on line 36
[19-Feb-2018 23:39:48 UTC] PHP Stack trace:
[19-Feb-2018 23:39:48 UTC] PHP   1. {main}() /home/ubuntu/workspace/llouks/Challenge/password.php:0
[19-Feb-2018 23:39:48 UTC] PHP   2. displayPassword() /home/ubuntu/workspace/llouks/Challenge/password.php:52
[19-Feb-2018 23:39:48 UTC] PHP   3. implode() /home/ubuntu/workspace/llouks/Challenge/password.php:36
[19-Feb-2018 23:39:48 UTC] PHP Warning:  implode(): Argument must be an array in /home/ubuntu/workspace/llouks/Challenge/password.php on line 36
[19-Feb-2018 23:39:48 UTC] PHP Stack trace:
[19-Feb-2018 23:39:48 UTC] PHP   1. {main}() /home/ubuntu/workspace/llouks/Challenge/password.php:0
[19-Feb-2018 23:39:48 UTC] PHP   2. displayPassword() /home/ubuntu/workspace/llouks/Challenge/password.php:52
[19-Feb-2018 23:39:48 UTC] PHP   3. implode() /home/ubuntu/workspace/llouks/Challenge/password.php:36
[19-Feb-2018 23:39:48 UTC] PHP Warning:  implode(): Argument must be an array in /home/ubuntu/workspace/llouks/Challenge/password.php on line 36
[19-Feb-2018 23:39:48 UTC] PHP Stack trace:
[19-Feb-2018 23:39:48 UTC] PHP   1. {main}() /home/ubuntu/workspace/llouks/Challenge/password.php:0
[19-Feb-2018 23:39:48 UTC] PHP   2. displayPassword() /home/ubuntu/workspace/llouks/Challenge/password.php:52
[19-Feb-2018 23:39:48 UTC] PHP   3. implode() /home/ubuntu/workspace/llouks/Challenge/password.php:36
[19-Feb-2018 23:39:48 UTC] PHP Warning:  implode(): Argument must be an array in /home/ubuntu/workspace/llouks/Challenge/password.php on line 36
[19-Feb-2018 23:39:48 UTC] PHP Stack trace:
[19-Feb-2018 23:39:48 UTC] PHP   1. {main}() /home/ubuntu/workspace/llouks/Challenge/password.php:0
[19-Feb-2018 23:39:48 UTC] PHP   2. displayPassword() /home/ubuntu/workspace/llouks/Challenge/password.php:52
[19-Feb-2018 23:39:48 UTC] PHP   3. implode() /home/ubuntu/workspace/llouks/Challenge/password.php:36
[19-Feb-2018 23:39:48 UTC] PHP Warning:  implode(): Argument must be an array in /home/ubuntu/workspace/llouks/Challenge/password.php on line 36
[19-Feb-2018 23:39:48 UTC] PHP Stack trace:
[19-Feb-2018 23:39:48 UTC] PHP   1. {main}() /home/ubuntu/workspace/llouks/Challenge/password.php:0
[19-Feb-2018 23:39:48 UTC] PHP   2. displayPassword() /home/ubuntu/workspace/llouks/Challenge/password.php:52
[19-Feb-2018 23:39:48 UTC] PHP   3. implode() /home/ubuntu/workspace/llouks/Challenge/password.php:36
[19-Feb-2018 23:39:48 UTC] PHP Warning:  implode(): Argument must be an array in /home/ubuntu/workspace/llouks/Challenge/password.php on line 36
[19-Feb-2018 23:39:48 UTC] PHP Stack trace:
[19-Feb-2018 23:39:48 UTC] PHP   1. {main}() /home/ubuntu/workspace/llouks/Challenge/password.php:0
[19-Feb-2018 23:39:48 UTC] PHP   2. displayPassword() /home/ubuntu/workspace/llouks/Challenge/password.php:52
[19-Feb-2018 23:39:48 UTC] PHP   3. implode() /home/ubuntu/workspace/llouks/Challenge/password.php:36
[19-Feb-2018 23:39:48 UTC] PHP Warning:  implode(): Argument must be an array in /home/ubuntu/workspace/llouks/Challenge/password.php on line 36
[19-Feb-2018 23:39:48 UTC] PHP Stack trace:
[19-Feb-2018 23:39:48 UTC] PHP   1. {main}() /home/ubuntu/workspace/llouks/Challenge/password.php:0
[19-Feb-2018 23:39:48 UTC] PHP   2. displayPassword() /home/ubuntu/workspace/llouks/Challenge/password.php:52
[19-Feb-2018 23:39:48 UTC] PHP   3. implode() /home/ubuntu/workspace/llouks/Challenge/password.php:36
[19-Feb-2018 23:39:48 UTC] PHP Warning:  implode(): Argument must be an array in /home/ubuntu/workspace/llouks/Challenge/password.php on line 36
[19-Feb-2018 23:39:48 UTC] PHP Stack trace:
[19-Feb-2018 23:39:48 UTC] PHP   1. {main}() /home/ubuntu/workspace/llouks/Challenge/password.php:0
[19-Feb-2018 23:39:48 UTC] PHP   2. displayPassword() /home/ubuntu/workspace/llouks/Challenge/password.php:52
[19-Feb-2018 23:39:48 UTC] PHP   3. implode() /home/ubuntu/workspace/llouks/Challenge/password.php:36
[19-Feb-2018 23:39:48 UTC] PHP Warning:  implode(): Argument must be an array in /home/ubuntu/workspace/llouks/Challenge/password.php on line 36
[19-Feb-2018 23:39:48 UTC] PHP Stack trace:
[19-Feb-2018 23:39:48 UTC] PHP   1. {main}() /home/ubuntu/workspace/llouks/Challenge/password.php:0
[19-Feb-2018 23:39:48 UTC] PHP   2. displayPassword() /home/ubuntu/workspace/llouks/Challenge/password.php:52
[19-Feb-2018 23:39:48 UTC] PHP   3. implode() /home/ubuntu/workspace/llouks/Challenge/password.php:36
[19-Feb-2018 23:39:48 UTC] PHP Warning:  implode(): Argument must be an array in /home/ubuntu/workspace/llouks/Challenge/password.php on line 36
[19-Feb-2018 23:39:48 UTC] PHP Stack trace:
[19-Feb-2018 23:39:48 UTC] PHP   1. {main}() /home/ubuntu/workspace/llouks/Challenge/password.php:0
[19-Feb-2018 23:39:48 UTC] PHP   2. displayPassword() /home/ubuntu/workspace/llouks/Challenge/password.php:52
[19-Feb-2018 23:39:48 UTC] PHP   3. implode() /home/ubuntu/workspace/llouks/Challenge/password.php:36
[19-Feb-2018 23:39:48 UTC] PHP Warning:  implode(): Argument must be an array in /home/ubuntu/workspace/llouks/Challenge/password.php on line 36
[19-Feb-2018 23:39:48 UTC] PHP Stack trace:
[19-Feb-2018 23:39:48 UTC] PHP   1. {main}() /home/ubuntu/workspace/llouks/Challenge/password.php:0
[19-Feb-2018 23:39:48 UTC] PHP   2. displayPassword() /home/ubuntu/workspace/llouks/Challenge/password.php:52
[19-Feb-2018 23:39:48 UTC] PHP   3. implode() /home/ubuntu/workspace/llouks/Challenge/password.php:36
[19-Feb-2018 23:39:48 UTC] PHP Warning:  implode(): Argument must be an array in /home/ubuntu/workspace/llouks/Challenge/password.php on line 36
[19-Feb-2018 23:39:48 UTC] PHP Stack trace:
[19-Feb-2018 23:39:48 UTC] PHP   1. {main}() /home/ubuntu/workspace/llouks/Challenge/password.php:0
[19-Feb-2018 23:39:48 UTC] PHP   2. displayPassword() /home/ubuntu/workspace/llouks/Challenge/password.php:52
[19-Feb-2018 23:39:48 UTC] PHP   3. implode() /home/ubuntu/workspace/llouks/Challenge/password.php:36
[19-Feb-2018 23:42:01 UTC] PHP Warning:  implode(): Argument must be an array in /home/ubuntu/workspace/llouks/Challenge/password.php on line 36
[19-Feb-2018 23:42:01 UTC] PHP Stack trace:
[19-Feb-2018 23:42:01 UTC] PHP   1. {main}() /home/ubuntu/workspace/llouks/Challenge/password.php:0
[19-Feb-2018 23:42:01 UTC] PHP   2. displayPassword() /home/ubuntu/workspace/llouks/Challenge/password.php:53
[19-Feb-2018 23:42:01 UTC] PHP   3. implode() /home/ubuntu/workspace/llouks/Challenge/password.php:36
[19-Feb-2018 23:42:01 UTC] PHP Warning:  implode(): Argument must be an array in /home/ubuntu/workspace/llouks/Challenge/password.php on line 36
[19-Feb-2018 23:42:01 UTC] PHP Stack trace:
[19-Feb-2018 23:42:01 UTC] PHP   1. {main}() /home/ubuntu/workspace/llouks/Challenge/password.php:0
[19-Feb-2018 23:42:01 UTC] PHP   2. displayPassword() /home/ubuntu/workspace/llouks/Challenge/password.php:53
[19-Feb-2018 23:42:01 UTC] PHP   3. implode() /home/ubuntu/workspace/llouks/Challenge/password.php:36
[19-Feb-2018 23:42:01 UTC] PHP Warning:  implode(): Argument must be an array in /home/ubuntu/workspace/llouks/Challenge/password.php on line 36
[19-Feb-2018 23:42:01 UTC] PHP Stack trace:
[19-Feb-2018 23:42:01 UTC] PHP   1. {main}() /home/ubuntu/workspace/llouks/Challenge/password.php:0
[19-Feb-2018 23:42:01 UTC] PHP   2. displayPassword() /home/ubuntu/workspace/llouks/Challenge/password.php:53
[19-Feb-2018 23:42:01 UTC] PHP   3. implode() /home/ubuntu/workspace/llouks/Challenge/password.php:36
[19-Feb-2018 23:42:01 UTC] PHP Warning:  implode(): Argument must be an array in /home/ubuntu/workspace/llouks/Challenge/password.php on line 36
[19-Feb-2018 23:42:01 UTC] PHP Stack trace:
[19-Feb-2018 23:42:01 UTC] PHP   1. {main}() /home/ubuntu/workspace/llouks/Challenge/password.php:0
[19-Feb-2018 23:42:01 UTC] PHP   2. displayPassword() /home/ubuntu/workspace/llouks/Challenge/password.php:53
[19-Feb-2018 23:42:01 UTC] PHP   3. implode() /home/ubuntu/workspace/llouks/Challenge/password.php:36
[19-Feb-2018 23:42:01 UTC] PHP Warning:  implode(): Argument must be an array in /home/ubuntu/workspace/llouks/Challenge/password.php on line 36
[19-Feb-2018 23:42:01 UTC] PHP Stack trace:
[19-Feb-2018 23:42:01 UTC] PHP   1. {main}() /home/ubuntu/workspace/llouks/Challenge/password.php:0
[19-Feb-2018 23:42:01 UTC] PHP   2. displayPassword() /home/ubuntu/workspace/llouks/Challenge/password.php:53
[19-Feb-2018 23:42:01 UTC] PHP   3. implode() /home/ubuntu/workspace/llouks/Challenge/password.php:36
[19-Feb-2018 23:42:01 UTC] PHP Warning:  implode(): Argument must be an array in /home/ubuntu/workspace/llouks/Challenge/password.php on line 36
[19-Feb-2018 23:42:01 UTC] PHP Stack trace:
[19-Feb-2018 23:42:01 UTC] PHP   1. {main}() /home/ubuntu/workspace/llouks/Challenge/password.php:0
[19-Feb-2018 23:42:01 UTC] PHP   2. displayPassword() /home/ubuntu/workspace/llouks/Challenge/password.php:53
[19-Feb-2018 23:42:01 UTC] PHP   3. implode() /home/ubuntu/workspace/llouks/Challenge/password.php:36
[19-Feb-2018 23:42:01 UTC] PHP Warning:  implode(): Argument must be an array in /home/ubuntu/workspace/llouks/Challenge/password.php on line 36
[19-Feb-2018 23:42:01 UTC] PHP Stack trace:
[19-Feb-2018 23:42:01 UTC] PHP   1. {main}() /home/ubuntu/workspace/llouks/Challenge/password.php:0
[19-Feb-2018 23:42:01 UTC] PHP   2. displayPassword() /home/ubuntu/workspace/llouks/Challenge/password.php:53
[19-Feb-2018 23:42:01 UTC] PHP   3. implode() /home/ubuntu/workspace/llouks/Challenge/password.php:36
[19-Feb-2018 23:42:01 UTC] PHP Warning:  implode(): Argument must be an array in /home/ubuntu/workspace/llouks/Challenge/password.php on line 36
[19-Feb-2018 23:42:01 UTC] PHP Stack trace:
[19-Feb-2018 23:42:01 UTC] PHP   1. {main}() /home/ubuntu/workspace/llouks/Challenge/password.php:0
[19-Feb-2018 23:42:01 UTC] PHP   2. displayPassword() /home/ubuntu/workspace/llouks/Challenge/password.php:53
[19-Feb-2018 23:42:01 UTC] PHP   3. implode() /home/ubuntu/workspace/llouks/Challenge/password.php:36
[19-Feb-2018 23:42:01 UTC] PHP Warning:  implode(): Argument must be an array in /home/ubuntu/workspace/llouks/Challenge/password.php on line 36
[19-Feb-2018 23:42:01 UTC] PHP Stack trace:
[19-Feb-2018 23:42:01 UTC] PHP   1. {main}() /home/ubuntu/workspace/llouks/Challenge/password.php:0
[19-Feb-2018 23:42:01 UTC] PHP   2. displayPassword() /home/ubuntu/workspace/llouks/Challenge/password.php:53
[19-Feb-2018 23:42:01 UTC] PHP   3. implode() /home/ubuntu/workspace/llouks/Challenge/password.php:36
[19-Feb-2018 23:42:01 UTC] PHP Warning:  implode(): Argument must be an array in /home/ubuntu/workspace/llouks/Challenge/password.php on line 36
[19-Feb-2018 23:42:01 UTC] PHP Stack trace:
[19-Feb-2018 23:42:01 UTC] PHP   1. {main}() /home/ubuntu/workspace/llouks/Challenge/password.php:0
[19-Feb-2018 23:42:01 UTC] PHP   2. displayPassword() /home/ubuntu/workspace/llouks/Challenge/password.php:53
[19-Feb-2018 23:42:01 UTC] PHP   3. implode() /home/ubuntu/workspace/llouks/Challenge/password.php:36
[19-Feb-2018 23:42:01 UTC] PHP Warning:  implode(): Argument must be an array in /home/ubuntu/workspace/llouks/Challenge/password.php on line 36
[19-Feb-2018 23:42:01 UTC] PHP Stack trace:
[19-Feb-2018 23:42:01 UTC] PHP   1. {main}() /home/ubuntu/workspace/llouks/Challenge/password.php:0
[19-Feb-2018 23:42:01 UTC] PHP   2. displayPassword() /home/ubuntu/workspace/llouks/Challenge/password.php:53
[19-Feb-2018 23:42:01 UTC] PHP   3. implode() /home/ubuntu/workspace/llouks/Challenge/password.php:36
[19-Feb-2018 23:42:01 UTC] PHP Warning:  implode(): Argument must be an array in /home/ubuntu/workspace/llouks/Challenge/password.php on line 36
[19-Feb-2018 23:42:01 UTC] PHP Stack trace:
[19-Feb-2018 23:42:01 UTC] PHP   1. {main}() /home/ubuntu/workspace/llouks/Challenge/password.php:0
[19-Feb-2018 23:42:01 UTC] PHP   2. displayPassword() /home/ubuntu/workspace/llouks/Challenge/password.php:53
[19-Feb-2018 23:42:01 UTC] PHP   3. implode() /home/ubuntu/workspace/llouks/Challenge/password.php:36
[19-Feb-2018 23:42:01 UTC] PHP Warning:  implode(): Argument must be an array in /home/ubuntu/workspace/llouks/Challenge/password.php on line 36
[19-Feb-2018 23:42:01 UTC] PHP Stack trace:
[19-Feb-2018 23:42:01 UTC] PHP   1. {main}() /home/ubuntu/workspace/llouks/Challenge/password.php:0
[19-Feb-2018 23:42:01 UTC] PHP   2. displayPassword() /home/ubuntu/workspace/llouks/Challenge/password.php:53
[19-Feb-2018 23:42:01 UTC] PHP   3. implode() /home/ubuntu/workspace/llouks/Challenge/password.php:36
[19-Feb-2018 23:42:01 UTC] PHP Warning:  implode(): Argument must be an array in /home/ubuntu/workspace/llouks/Challenge/password.php on line 36
[19-Feb-2018 23:42:01 UTC] PHP Stack trace:
[19-Feb-2018 23:42:01 UTC] PHP   1. {main}() /home/ubuntu/workspace/llouks/Challenge/password.php:0
[19-Feb-2018 23:42:01 UTC] PHP   2. displayPassword() /home/ubuntu/workspace/llouks/Challenge/password.php:53
[19-Feb-2018 23:42:01 UTC] PHP   3. implode() /home/ubuntu/workspace/llouks/Challenge/password.php:36
[19-Feb-2018 23:42:01 UTC] PHP Warning:  implode(): Argument must be an array in /home/ubuntu/workspace/llouks/Challenge/password.php on line 36
[19-Feb-2018 23:42:01 UTC] PHP Stack trace:
[19-Feb-2018 23:42:01 UTC] PHP   1. {main}() /home/ubuntu/workspace/llouks/Challenge/password.php:0
[19-Feb-2018 23:42:01 UTC] PHP   2. displayPassword() /home/ubuntu/workspace/llouks/Challenge/password.php:53
[19-Feb-2018 23:42:01 UTC] PHP   3. implode() /home/ubuntu/workspace/llouks/Challenge/password.php:36
[19-Feb-2018 23:42:01 UTC] PHP Warning:  implode(): Argument must be an array in /home/ubuntu/workspace/llouks/Challenge/password.php on line 36
[19-Feb-2018 23:42:01 UTC] PHP Stack trace:
[19-Feb-2018 23:42:01 UTC] PHP   1. {main}() /home/ubuntu/workspace/llouks/Challenge/password.php:0
[19-Feb-2018 23:42:01 UTC] PHP   2. displayPassword() /home/ubuntu/workspace/llouks/Challenge/password.php:53
[19-Feb-2018 23:42:01 UTC] PHP   3. implode() /home/ubuntu/workspace/llouks/Challenge/password.php:36
[19-Feb-2018 23:42:01 UTC] PHP Warning:  implode(): Argument must be an array in /home/ubuntu/workspace/llouks/Challenge/password.php on line 36
[19-Feb-2018 23:42:01 UTC] PHP Stack trace:
[19-Feb-2018 23:42:01 UTC] PHP   1. {main}() /home/ubuntu/workspace/llouks/Challenge/password.php:0
[19-Feb-2018 23:42:01 UTC] PHP   2. displayPassword() /home/ubuntu/workspace/llouks/Challenge/password.php:53
[19-Feb-2018 23:42:01 UTC] PHP   3. implode() /home/ubuntu/workspace/llouks/Challenge/password.php:36
[19-Feb-2018 23:42:01 UTC] PHP Warning:  implode(): Argument must be an array in /home/ubuntu/workspace/llouks/Challenge/password.php on line 36
[19-Feb-2018 23:42:01 UTC] PHP Stack trace:
[19-Feb-2018 23:42:01 UTC] PHP   1. {main}() /home/ubuntu/workspace/llouks/Challenge/password.php:0
[19-Feb-2018 23:42:01 UTC] PHP   2. displayPassword() /home/ubuntu/workspace/llouks/Challenge/password.php:53
[19-Feb-2018 23:42:01 UTC] PHP   3. implode() /home/ubuntu/workspace/llouks/Challenge/password.php:36
[19-Feb-2018 23:42:01 UTC] PHP Warning:  implode(): Argument must be an array in /home/ubuntu/workspace/llouks/Challenge/password.php on line 36
[19-Feb-2018 23:42:01 UTC] PHP Stack trace:
[19-Feb-2018 23:42:01 UTC] PHP   1. {main}() /home/ubuntu/workspace/llouks/Challenge/password.php:0
[19-Feb-2018 23:42:01 UTC] PHP   2. displayPassword() /home/ubuntu/workspace/llouks/Challenge/password.php:53
[19-Feb-2018 23:42:01 UTC] PHP   3. implode() /home/ubuntu/workspace/llouks/Challenge/password.php:36
[19-Feb-2018 23:42:01 UTC] PHP Warning:  implode(): Argument must be an array in /home/ubuntu/workspace/llouks/Challenge/password.php on line 36
[19-Feb-2018 23:42:01 UTC] PHP Stack trace:
[19-Feb-2018 23:42:01 UTC] PHP   1. {main}() /home/ubuntu/workspace/llouks/Challenge/password.php:0
[19-Feb-2018 23:42:01 UTC] PHP   2. displayPassword() /home/ubuntu/workspace/llouks/Challenge/password.php:53
[19-Feb-2018 23:42:01 UTC] PHP   3. implode() /home/ubuntu/workspace/llouks/Challenge/password.php:36
[19-Feb-2018 23:42:01 UTC] PHP Warning:  implode(): Argument must be an array in /home/ubuntu/workspace/llouks/Challenge/password.php on line 36
[19-Feb-2018 23:42:01 UTC] PHP Stack trace:
[19-Feb-2018 23:42:01 UTC] PHP   1. {main}() /home/ubuntu/workspace/llouks/Challenge/password.php:0
[19-Feb-2018 23:42:01 UTC] PHP   2. displayPassword() /home/ubuntu/workspace/llouks/Challenge/password.php:53
[19-Feb-2018 23:42:01 UTC] PHP   3. implode() /home/ubuntu/workspace/llouks/Challenge/password.php:36
[19-Feb-2018 23:42:01 UTC] PHP Warning:  implode(): Argument must be an array in /home/ubuntu/workspace/llouks/Challenge/password.php on line 36
[19-Feb-2018 23:42:01 UTC] PHP Stack trace:
[19-Feb-2018 23:42:01 UTC] PHP   1. {main}() /home/ubuntu/workspace/llouks/Challenge/password.php:0
[19-Feb-2018 23:42:01 UTC] PHP   2. displayPassword() /home/ubuntu/workspace/llouks/Challenge/password.php:53
[19-Feb-2018 23:42:01 UTC] PHP   3. implode() /home/ubuntu/workspace/llouks/Challenge/password.php:36
[19-Feb-2018 23:42:01 UTC] PHP Warning:  implode(): Argument must be an array in /home/ubuntu/workspace/llouks/Challenge/password.php on line 36
[19-Feb-2018 23:42:01 UTC] PHP Stack trace:
[19-Feb-2018 23:42:01 UTC] PHP   1. {main}() /home/ubuntu/workspace/llouks/Challenge/password.php:0
[19-Feb-2018 23:42:01 UTC] PHP   2. displayPassword() /home/ubuntu/workspace/llouks/Challenge/password.php:53
[19-Feb-2018 23:42:01 UTC] PHP   3. implode() /home/ubuntu/workspace/llouks/Challenge/password.php:36
[19-Feb-2018 23:42:01 UTC] PHP Warning:  implode(): Argument must be an array in /home/ubuntu/workspace/llouks/Challenge/password.php on line 36
[19-Feb-2018 23:42:01 UTC] PHP Stack trace:
[19-Feb-2018 23:42:01 UTC] PHP   1. {main}() /home/ubuntu/workspace/llouks/Challenge/password.php:0
[19-Feb-2018 23:42:01 UTC] PHP   2. displayPassword() /home/ubuntu/workspace/llouks/Challenge/password.php:53
[19-Feb-2018 23:42:01 UTC] PHP   3. implode() /home/ubuntu/workspace/llouks/Challenge/password.php:36
[19-Feb-2018 23:42:01 UTC] PHP Warning:  implode(): Argument must be an array in /home/ubuntu/workspace/llouks/Challenge/password.php on line 36
[19-Feb-2018 23:42:01 UTC] PHP Stack trace:
[19-Feb-2018 23:42:01 UTC] PHP   1. {main}() /home/ubuntu/workspace/llouks/Challenge/password.php:0
[19-Feb-2018 23:42:01 UTC] PHP   2. displayPassword() /home/ubuntu/workspace/llouks/Challenge/password.php:53
[19-Feb-2018 23:42:01 UTC] PHP   3. implode() /home/ubuntu/workspace/llouks/Challenge/password.php:36
[19-Feb-2018 23:46:27 UTC] PHP Fatal error:  Allowed memory size of 134217728 bytes exhausted (tried to allocate 72 bytes) in /home/ubuntu/workspace/llouks/Challenge/password.php on line 28
[19-Feb-2018 23:46:27 UTC] PHP Stack trace:
[19-Feb-2018 23:46:27 UTC] PHP   1. {main}() /home/ubuntu/workspace/llouks/Challenge/password.php:0
[19-Feb-2018 23:46:27 UTC] PHP   2. generatePassword() /home/ubuntu/workspace/llouks/Challenge/password.php:59
[19-Feb-2018 23:46:27 UTC] PHP   3. array_push() /home/ubuntu/workspace/llouks/Challenge/password.php:28
[19-Feb-2018 23:46:28 UTC] PHP Fatal error:  Allowed memory size of 134217728 bytes exhausted (tried to allocate 72 bytes) in /home/ubuntu/workspace/llouks/Challenge/password.php on line 28
[19-Feb-2018 23:46:28 UTC] PHP Stack trace:
[19-Feb-2018 23:46:28 UTC] PHP   1. {main}() /home/ubuntu/workspace/llouks/Challenge/password.php:0
[19-Feb-2018 23:46:28 UTC] PHP   2. generatePassword() /home/ubuntu/workspace/llouks/Challenge/password.php:59
[19-Feb-2018 23:46:28 UTC] PHP   3. array_push() /home/ubuntu/workspace/llouks/Challenge/password.php:28
[26-Feb-2018 23:28:21 UTC] PHP Parse error:  syntax error, unexpected '_GET' (T_STRING) in /home/ubuntu/workspace/llouks/LAB4/index.php on line 34
[26-Feb-2018 23:28:29 UTC] PHP Parse error:  syntax error, unexpected '_GET' (T_STRING) in /home/ubuntu/workspace/llouks/LAB4/index.php on line 34
[04-Mar-2018 01:41:26 UTC] PHP Parse error:  syntax error, unexpected end of file in /home/ubuntu/workspace/llouks/LAB4/index.php on line 167
[04-Mar-2018 01:41:35 UTC] PHP Parse error:  syntax error, unexpected end of file in /home/ubuntu/workspace/llouks/LAB4/index.php on line 167
[04-Mar-2018 01:46:07 UTC] PHP Parse error:  syntax error, unexpected end of file in /home/ubuntu/workspace/llouks/LAB4/index.php on line 167
[12-Mar-2018 21:33:41 UTC] PHP Fatal error:  Uncaught exception 'PDOException' with message 'SQLSTATE[HY000] [1045] Access denied for user 'rot'@'localhost' (using password: NO)' in /home/ubuntu/workspace/llouks/phpMyAdmin-4.7.8-all-languages/reports.php:35
Stack trace:
#0 /home/ubuntu/workspace/llouks/phpMyAdmin-4.7.8-all-languages/reports.php(35): PDO->__construct('mysql:host=loca...', 'rot', '')
#1 {main}
  thrown in /home/ubuntu/workspace/llouks/phpMyAdmin-4.7.8-all-languages/reports.php on line 35
[12-Mar-2018 21:36:00 UTC] PHP Fatal error:  Uncaught exception 'PDOException' with message 'SQLSTATE[HY000] [1045] Access denied for user 'rot'@'localhost' (using password: NO)' in /home/ubuntu/workspace/llouks/phpMyAdmin-4.7.8-all-languages/reports.php:35
Stack trace:
#0 /home/ubuntu/workspace/llouks/phpMyAdmin-4.7.8-all-languages/reports.php(35): PDO->__construct('mysql:host=loca...', 'rot', '')
#1 {main}
  thrown in /home/ubuntu/workspace/llouks/phpMyAdmin-4.7.8-all-languages/reports.php on line 35
[12-Mar-2018 21:37:52 UTC] PHP Fatal error:  Uncaught exception 'PDOException' with message 'SQLSTATE[HY000] [1045] Access denied for user 'rot'@'localhost' (using password: NO)' in /home/ubuntu/workspace/llouks/phpMyAdmin-4.7.8-all-languages/reports.php:35
Stack trace:
#0 /home/ubuntu/workspace/llouks/phpMyAdmin-4.7.8-all-languages/reports.php(35): PDO->__construct('mysql:host=loca...', 'rot', '')
#1 {main}
  thrown in /home/ubuntu/workspace/llouks/phpMyAdmin-4.7.8-all-languages/reports.php on line 35
[12-Mar-2018 21:39:35 UTC] PHP Fatal error:  Uncaught exception 'PDOException' with message 'SQLSTATE[HY000] [1045] Access denied for user 'rot'@'localhost' (using password: NO)' in /home/ubuntu/workspace/llouks/phpMyAdmin-4.7.8-all-languages/reports.php:35
Stack trace:
#0 /home/ubuntu/workspace/llouks/phpMyAdmin-4.7.8-all-languages/reports.php(35): PDO->__construct('mysql:host=loca...', 'rot', '')
#1 {main}
  thrown in /home/ubuntu/workspace/llouks/phpMyAdmin-4.7.8-all-languages/reports.php on line 35
[12-Mar-2018 21:40:20 UTC] PHP Fatal error:  Uncaught exception 'PDOException' with message 'SQLSTATE[HY000] [1045] Access denied for user 'rot'@'localhost' (using password: NO)' in /home/ubuntu/workspace/llouks/phpMyAdmin-4.7.8-all-languages/reports.php:35
Stack trace:
#0 /home/ubuntu/workspace/llouks/phpMyAdmin-4.7.8-all-languages/reports.php(35): PDO->__construct('mysql:host=loca...', 'rot', '')
#1 {main}
  thrown in /home/ubuntu/workspace/llouks/phpMyAdmin-4.7.8-all-languages/reports.php on line 35
[12-Mar-2018 21:42:45 UTC] PHP Fatal error:  Uncaught exception 'PDOException' with message 'SQLSTATE[42S02]: Base table or view not found: 1146 Table 'ottermart.user' doesn't exist' in /home/ubuntu/workspace/llouks/phpMyAdmin-4.7.8-all-languages/reports.php:62
Stack trace:
#0 /home/ubuntu/workspace/llouks/phpMyAdmin-4.7.8-all-languages/reports.php(62): PDOStatement->execute()
#1 {main}
  thrown in /home/ubuntu/workspace/llouks/phpMyAdmin-4.7.8-all-languages/reports.php on line 62
[12-Mar-2018 21:43:20 UTC] PHP Fatal error:  Uncaught exception 'PDOException' with message 'SQLSTATE[42S02]: Base table or view not found: 1146 Table 'ottermart.user' doesn't exist' in /home/ubuntu/workspace/llouks/phpMyAdmin-4.7.8-all-languages/reports.php:62
Stack trace:
#0 /home/ubuntu/workspace/llouks/phpMyAdmin-4.7.8-all-languages/reports.php(62): PDOStatement->execute()
#1 {main}
  thrown in /home/ubuntu/workspace/llouks/phpMyAdmin-4.7.8-all-languages/reports.php on line 62
[12-Mar-2018 21:43:22 UTC] PHP Fatal error:  Uncaught exception 'PDOException' with message 'SQLSTATE[42S02]: Base table or view not found: 1146 Table 'ottermart.user' doesn't exist' in /home/ubuntu/workspace/llouks/phpMyAdmin-4.7.8-all-languages/reports.php:62
Stack trace:
#0 /home/ubuntu/workspace/llouks/phpMyAdmin-4.7.8-all-languages/reports.php(62): PDOStatement->execute()
#1 {main}
  thrown in /home/ubuntu/workspace/llouks/phpMyAdmin-4.7.8-all-languages/reports.php on line 62
[12-Mar-2018 21:43:36 UTC] PHP Fatal error:  Uncaught exception 'PDOException' with message 'SQLSTATE[42S02]: Base table or view not found: 1146 Table 'ottermart.user' doesn't exist' in /home/ubuntu/workspace/llouks/phpMyAdmin-4.7.8-all-languages/reports.php:62
Stack trace:
#0 /home/ubuntu/workspace/llouks/phpMyAdmin-4.7.8-all-languages/reports.php(62): PDOStatement->execute()
#1 {main}
  thrown in /home/ubuntu/workspace/llouks/phpMyAdmin-4.7.8-all-languages/reports.php on line 62
[12-Mar-2018 21:44:53 UTC] PHP Fatal error:  Uncaught exception 'PDOException' with message 'SQLSTATE[42S02]: Base table or view not found: 1146 Table 'ottermart.om_user' doesn't exist' in /home/ubuntu/workspace/llouks/phpMyAdmin-4.7.8-all-languages/reports.php:39
Stack trace:
#0 /home/ubuntu/workspace/llouks/phpMyAdmin-4.7.8-all-languages/reports.php(39): PDOStatement->execute()
#1 {main}
  thrown in /home/ubuntu/workspace/llouks/phpMyAdmin-4.7.8-all-languages/reports.php on line 39
[12-Mar-2018 21:44:54 UTC] PHP Fatal error:  Uncaught exception 'PDOException' with message 'SQLSTATE[42S02]: Base table or view not found: 1146 Table 'ottermart.om_user' doesn't exist' in /home/ubuntu/workspace/llouks/phpMyAdmin-4.7.8-all-languages/reports.php:39
Stack trace:
#0 /home/ubuntu/workspace/llouks/phpMyAdmin-4.7.8-all-languages/reports.php(39): PDOStatement->execute()
#1 {main}
  thrown in /home/ubuntu/workspace/llouks/phpMyAdmin-4.7.8-all-languages/reports.php on line 39
[12-Mar-2018 21:45:09 UTC] PHP Fatal error:  Uncaught exception 'PDOException' with message 'SQLSTATE[42S02]: Base table or view not found: 1146 Table 'ottermart.user' doesn't exist' in /home/ubuntu/workspace/llouks/phpMyAdmin-4.7.8-all-languages/reports.php:62
Stack trace:
#0 /home/ubuntu/workspace/llouks/phpMyAdmin-4.7.8-all-languages/reports.php(62): PDOStatement->execute()
#1 {main}
  thrown in /home/ubuntu/workspace/llouks/phpMyAdmin-4.7.8-all-languages/reports.php on line 62
[12-Mar-2018 22:08:33 UTC] PHP Fatal error:  Call to undefined function getDatabaseConnection() in /home/ubuntu/workspace/llouks/lab6/index.php on line 5
[12-Mar-2018 22:08:33 UTC] PHP Stack trace:
[12-Mar-2018 22:08:33 UTC] PHP   1. {main}() /home/ubuntu/workspace/llouks/lab6/index.php:0
[12-Mar-2018 22:09:05 UTC] PHP Warning:  include(dbConnection.php): failed to open stream: No such file or directory in /home/ubuntu/workspace/llouks/lab6/index.php on line 3
[12-Mar-2018 22:09:05 UTC] PHP Stack trace:
[12-Mar-2018 22:09:05 UTC] PHP   1. {main}() /home/ubuntu/workspace/llouks/lab6/index.php:0
[12-Mar-2018 22:09:05 UTC] PHP Warning:  include(): Failed opening 'dbConnection.php' for inclusion (include_path='.:/usr/share/php:/usr/share/pear') in /home/ubuntu/workspace/llouks/lab6/index.php on line 3
[12-Mar-2018 22:09:05 UTC] PHP Stack trace:
[12-Mar-2018 22:09:05 UTC] PHP   1. {main}() /home/ubuntu/workspace/llouks/lab6/index.php:0
[12-Mar-2018 22:09:05 UTC] PHP Fatal error:  Call to undefined function getDatabaseConnection() in /home/ubuntu/workspace/llouks/lab6/index.php on line 5
[12-Mar-2018 22:09:05 UTC] PHP Stack trace:
[12-Mar-2018 22:09:05 UTC] PHP   1. {main}() /home/ubuntu/workspace/llouks/lab6/index.php:0
[12-Mar-2018 22:09:18 UTC] PHP Warning:  include(../../dbConnection.php): failed to open stream: No such file or directory in /home/ubuntu/workspace/llouks/lab6/index.php on line 3
[12-Mar-2018 22:09:18 UTC] PHP Stack trace:
[12-Mar-2018 22:09:18 UTC] PHP   1. {main}() /home/ubuntu/workspace/llouks/lab6/index.php:0
[12-Mar-2018 22:09:18 UTC] PHP Warning:  include(): Failed opening '../../dbConnection.php' for inclusion (include_path='.:/usr/share/php:/usr/share/pear') in /home/ubuntu/workspace/llouks/lab6/index.php on line 3
[12-Mar-2018 22:09:18 UTC] PHP Stack trace:
[12-Mar-2018 22:09:18 UTC] PHP   1. {main}() /home/ubuntu/workspace/llouks/lab6/index.php:0
[12-Mar-2018 22:09:18 UTC] PHP Fatal error:  Call to undefined function getDatabaseConnection() in /home/ubuntu/workspace/llouks/lab6/index.php on line 5
[12-Mar-2018 22:09:18 UTC] PHP Stack trace:
[12-Mar-2018 22:09:18 UTC] PHP   1. {main}() /home/ubuntu/workspace/llouks/lab6/index.php:0
[12-Mar-2018 22:09:30 UTC] PHP Fatal error:  Call to undefined function getDatabaseConnection() in /home/ubuntu/workspace/llouks/lab6/index.php on line 5
[12-Mar-2018 22:09:30 UTC] PHP Stack trace:
[12-Mar-2018 22:09:30 UTC] PHP   1. {main}() /home/ubuntu/workspace/llouks/lab6/index.php:0
[12-Mar-2018 22:10:40 UTC] PHP Fatal error:  Call to undefined function getDatabaseConnection() in /home/ubuntu/workspace/llouks/lab6/index.php on line 6
[12-Mar-2018 22:10:40 UTC] PHP Stack trace:
[12-Mar-2018 22:10:40 UTC] PHP   1. {main}() /home/ubuntu/workspace/llouks/lab6/index.php:0
[12-Mar-2018 22:10:42 UTC] PHP Fatal error:  Call to undefined function getDatabaseConnection() in /home/ubuntu/workspace/llouks/lab6/index.php on line 6
[12-Mar-2018 22:10:42 UTC] PHP Stack trace:
[12-Mar-2018 22:10:42 UTC] PHP   1. {main}() /home/ubuntu/workspace/llouks/lab6/index.php:0
[12-Mar-2018 22:10:43 UTC] PHP Fatal error:  Call to undefined function getDatabaseConnection() in /home/ubuntu/workspace/llouks/lab6/index.php on line 6
[12-Mar-2018 22:10:43 UTC] PHP Stack trace:
[12-Mar-2018 22:10:43 UTC] PHP   1. {main}() /home/ubuntu/workspace/llouks/lab6/index.php:0
[12-Mar-2018 22:11:28 UTC] PHP Fatal error:  Call to undefined function getDatabaseConnection() in /home/ubuntu/workspace/llouks/lab6/index.php on line 6
[12-Mar-2018 22:11:28 UTC] PHP Stack trace:
[12-Mar-2018 22:11:28 UTC] PHP   1. {main}() /home/ubuntu/workspace/llouks/lab6/index.php:0
[12-Mar-2018 22:11:29 UTC] PHP Fatal error:  Call to undefined function getDatabaseConnection() in /home/ubuntu/workspace/llouks/lab6/index.php on line 6
[12-Mar-2018 22:11:29 UTC] PHP Stack trace:
[12-Mar-2018 22:11:29 UTC] PHP   1. {main}() /home/ubuntu/workspace/llouks/lab6/index.php:0
[12-Mar-2018 22:11:31 UTC] PHP Fatal error:  Call to undefined function getDatabaseConnection() in /home/ubuntu/workspace/llouks/lab6/index.php on line 6
[12-Mar-2018 22:11:31 UTC] PHP Stack trace:
[12-Mar-2018 22:11:31 UTC] PHP   1. {main}() /home/ubuntu/workspace/llouks/lab6/index.php:0
[12-Mar-2018 22:11:59 UTC] PHP Fatal error:  Call to undefined function getDatabaseConnection() in /home/ubuntu/workspace/llouks/lab6/index.php on line 6
[12-Mar-2018 22:11:59 UTC] PHP Stack trace:
[12-Mar-2018 22:11:59 UTC] PHP   1. {main}() /home/ubuntu/workspace/llouks/lab6/index.php:0
[12-Mar-2018 22:12:00 UTC] PHP Fatal error:  Call to undefined function getDatabaseConnection() in /home/ubuntu/workspace/llouks/lab6/index.php on line 6
[12-Mar-2018 22:12:00 UTC] PHP Stack trace:
[12-Mar-2018 22:12:00 UTC] PHP   1. {main}() /home/ubuntu/workspace/llouks/lab6/index.php:0
[12-Mar-2018 22:42:56 UTC] PHP Fatal error:  Uncaught exception 'PDOException' with message 'SQLSTATE[42000]: Syntax error or access violation: 1064 You have an error in your SQL syntax; check the manual that corresponds to your MySQL server version for the right syntax to use near 'catId = '5'' at line 1' in /home/ubuntu/workspace/llouks/lab6/index.php:60
Stack trace:
#0 /home/ubuntu/workspace/llouks/lab6/index.php(60): PDOStatement->execute(Array)
#1 /home/ubuntu/workspace/llouks/lab6/index.php(112): displaySearchResults()
#2 {main}
  thrown in /home/ubuntu/workspace/llouks/lab6/index.php on line 60
[14-Mar-2018 22:09:14 UTC] PHP Parse error:  syntax error, unexpected '"<br />"' (T_CONSTANT_ENCAPSED_STRING), expecting ',' or ';' in /home/ubuntu/workspace/llouks/lab6/index.php on line 71
[14-Mar-2018 22:14:50 UTC] PHP Fatal error:  Uncaught exception 'PDOException' with message 'SQLSTATE[42000]: Syntax error or access violation: 1064 You have an error in your SQL syntax; check the manual that corresponds to your MySQL server version for the right syntax to use near 'BY price' at line 1' in /home/ubuntu/workspace/llouks/lab6/index.php:81
Stack trace:
#0 /home/ubuntu/workspace/llouks/lab6/index.php(81): PDOStatement->execute(Array)
#1 /home/ubuntu/workspace/llouks/lab6/index.php(133): displaySearchResults()
#2 {main}
  thrown in /home/ubuntu/workspace/llouks/lab6/index.php on line 81
