[12-Feb-2018 20:10:28 UTC] PHP Parse error:  syntax error, unexpected 'Grape' (T_STRING), expecting ',' or ';' in /home/ubuntu/workspace/LAB2/777/777/index.php on line 12
[12-Feb-2018 20:25:56 UTC] PHP Parse error:  syntax error, unexpected '"cherry"' (T_CONSTANT_ENCAPSED_STRING) in /home/ubuntu/workspace/LAB2/777/777/index.php on line 19
[12-Feb-2018 20:26:08 UTC] PHP Parse error:  syntax error, unexpected '"cherry"' (T_CONSTANT_ENCAPSED_STRING) in /home/ubuntu/workspace/LAB2/777/777/index.php on line 19
[12-Feb-2018 20:26:12 UTC] PHP Parse error:  syntax error, unexpected '"cherry"' (T_CONSTANT_ENCAPSED_STRING) in /home/ubuntu/workspace/LAB2/777/777/index.php on line 19
[12-Feb-2018 20:26:33 UTC] PHP Parse error:  syntax error, unexpected '"cherry"' (T_CONSTANT_ENCAPSED_STRING) in /home/ubuntu/workspace/LAB2/777/777/index.php on line 19
[12-Feb-2018 20:49:52 UTC] PHP Parse error:  syntax error, unexpected 'case' (T_CASE) in /home/ubuntu/workspace/LAB2/777/777/index.php on line 15
[12-Feb-2018 20:49:56 UTC] PHP Parse error:  syntax error, unexpected 'case' (T_CASE) in /home/ubuntu/workspace/LAB2/777/777/index.php on line 15
[14-Feb-2018 20:06:05 UTC] PHP Warning:  include(inc/functions.php): failed to open stream: No such file or directory in /home/ubuntu/workspace/llouks/LAB2/777/777/index.php on line 12
[14-Feb-2018 20:06:05 UTC] PHP Stack trace:
[14-Feb-2018 20:06:05 UTC] PHP   1. {main}() /home/ubuntu/workspace/llouks/LAB2/777/777/index.php:0
[14-Feb-2018 20:06:05 UTC] PHP Warning:  include(): Failed opening 'inc/functions.php' for inclusion (include_path='.:/usr/share/php:/usr/share/pear') in /home/ubuntu/workspace/llouks/LAB2/777/777/index.php on line 12
[14-Feb-2018 20:06:05 UTC] PHP Stack trace:
[14-Feb-2018 20:06:05 UTC] PHP   1. {main}() /home/ubuntu/workspace/llouks/LAB2/777/777/index.php:0
[14-Feb-2018 20:06:05 UTC] PHP Fatal error:  Call to undefined function play() in /home/ubuntu/workspace/llouks/LAB2/777/777/index.php on line 13
[14-Feb-2018 20:06:05 UTC] PHP Stack trace:
[14-Feb-2018 20:06:05 UTC] PHP   1. {main}() /home/ubuntu/workspace/llouks/LAB2/777/777/index.php:0
[14-Feb-2018 20:06:26 UTC] PHP Warning:  include(functions.php): failed to open stream: No such file or directory in /home/ubuntu/workspace/llouks/LAB2/777/777/index.php on line 18
[14-Feb-2018 20:06:26 UTC] PHP Stack trace:
[14-Feb-2018 20:06:26 UTC] PHP   1. {main}() /home/ubuntu/workspace/llouks/LAB2/777/777/index.php:0
[14-Feb-2018 20:06:26 UTC] PHP Warning:  include(): Failed opening 'functions.php' for inclusion (include_path='.:/usr/share/php:/usr/share/pear') in /home/ubuntu/workspace/llouks/LAB2/777/777/index.php on line 18
[14-Feb-2018 20:06:26 UTC] PHP Stack trace:
[14-Feb-2018 20:06:26 UTC] PHP   1. {main}() /home/ubuntu/workspace/llouks/LAB2/777/777/index.php:0
[14-Feb-2018 20:06:26 UTC] PHP Fatal error:  Call to undefined function play() in /home/ubuntu/workspace/llouks/LAB2/777/777/index.php on line 19
[14-Feb-2018 20:06:26 UTC] PHP Stack trace:
[14-Feb-2018 20:06:26 UTC] PHP   1. {main}() /home/ubuntu/workspace/llouks/LAB2/777/777/index.php:0
[14-Feb-2018 20:07:01 UTC] PHP Warning:  include(llouks/LAB2/functions.php): failed to open stream: No such file or directory in /home/ubuntu/workspace/llouks/LAB2/777/777/index.php on line 18
[14-Feb-2018 20:07:01 UTC] PHP Stack trace:
[14-Feb-2018 20:07:01 UTC] PHP   1. {main}() /home/ubuntu/workspace/llouks/LAB2/777/777/index.php:0
[14-Feb-2018 20:07:01 UTC] PHP Warning:  include(): Failed opening 'llouks/LAB2/functions.php' for inclusion (include_path='.:/usr/share/php:/usr/share/pear') in /home/ubuntu/workspace/llouks/LAB2/777/777/index.php on line 18
[14-Feb-2018 20:07:01 UTC] PHP Stack trace:
[14-Feb-2018 20:07:01 UTC] PHP   1. {main}() /home/ubuntu/workspace/llouks/LAB2/777/777/index.php:0
[14-Feb-2018 20:07:01 UTC] PHP Fatal error:  Call to undefined function play() in /home/ubuntu/workspace/llouks/LAB2/777/777/index.php on line 19
[14-Feb-2018 20:07:01 UTC] PHP Stack trace:
[14-Feb-2018 20:07:01 UTC] PHP   1. {main}() /home/ubuntu/workspace/llouks/LAB2/777/777/index.php:0
[14-Feb-2018 20:07:18 UTC] PHP Warning:  include(functions.php): failed to open stream: No such file or directory in /home/ubuntu/workspace/llouks/LAB2/777/777/index.php on line 18
[14-Feb-2018 20:07:18 UTC] PHP Stack trace:
[14-Feb-2018 20:07:18 UTC] PHP   1. {main}() /home/ubuntu/workspace/llouks/LAB2/777/777/index.php:0
[14-Feb-2018 20:07:18 UTC] PHP Warning:  include(): Failed opening 'functions.php' for inclusion (include_path='.:/usr/share/php:/usr/share/pear') in /home/ubuntu/workspace/llouks/LAB2/777/777/index.php on line 18
[14-Feb-2018 20:07:18 UTC] PHP Stack trace:
[14-Feb-2018 20:07:18 UTC] PHP   1. {main}() /home/ubuntu/workspace/llouks/LAB2/777/777/index.php:0
[14-Feb-2018 20:07:18 UTC] PHP Fatal error:  Call to undefined function play() in /home/ubuntu/workspace/llouks/LAB2/777/777/index.php on line 19
[14-Feb-2018 20:07:18 UTC] PHP Stack trace:
[14-Feb-2018 20:07:18 UTC] PHP   1. {main}() /home/ubuntu/workspace/llouks/LAB2/777/777/index.php:0
