[24-Mar-2018 04:17:49 UTC] PHP Warning:  include(../functions.php): failed to open stream: No such file or directory in /home/ubuntu/workspace/llouks/Lab5/scart/scart/index.php on line 2
[24-Mar-2018 04:17:49 UTC] PHP Stack trace:
[24-Mar-2018 04:17:49 UTC] PHP   1. {main}() /home/ubuntu/workspace/llouks/Lab5/scart/scart/index.php:0
[24-Mar-2018 04:17:49 UTC] PHP Warning:  include(): Failed opening '../functions.php' for inclusion (include_path='.:/usr/share/php:/usr/share/pear') in /home/ubuntu/workspace/llouks/Lab5/scart/scart/index.php on line 2
[24-Mar-2018 04:17:49 UTC] PHP Stack trace:
[24-Mar-2018 04:17:49 UTC] PHP   1. {main}() /home/ubuntu/workspace/llouks/Lab5/scart/scart/index.php:0
[24-Mar-2018 04:17:50 UTC] PHP Fatal error:  Call to undefined function displayResults() in /home/ubuntu/workspace/llouks/Lab5/scart/scart/index.php on line 65
[24-Mar-2018 04:17:50 UTC] PHP Stack trace:
[24-Mar-2018 04:17:50 UTC] PHP   1. {main}() /home/ubuntu/workspace/llouks/Lab5/scart/scart/index.php:0
[24-Mar-2018 04:17:55 UTC] PHP Warning:  include(../functions.php): failed to open stream: No such file or directory in /home/ubuntu/workspace/llouks/Lab5/scart/scart/index.php on line 2
[24-Mar-2018 04:17:55 UTC] PHP Stack trace:
[24-Mar-2018 04:17:55 UTC] PHP   1. {main}() /home/ubuntu/workspace/llouks/Lab5/scart/scart/index.php:0
[24-Mar-2018 04:17:55 UTC] PHP Warning:  include(): Failed opening '../functions.php' for inclusion (include_path='.:/usr/share/php:/usr/share/pear') in /home/ubuntu/workspace/llouks/Lab5/scart/scart/index.php on line 2
[24-Mar-2018 04:17:55 UTC] PHP Stack trace:
[24-Mar-2018 04:17:55 UTC] PHP   1. {main}() /home/ubuntu/workspace/llouks/Lab5/scart/scart/index.php:0
[24-Mar-2018 04:17:55 UTC] PHP Fatal error:  Call to undefined function displayResults() in /home/ubuntu/workspace/llouks/Lab5/scart/scart/index.php on line 65
[24-Mar-2018 04:17:55 UTC] PHP Stack trace:
[24-Mar-2018 04:17:55 UTC] PHP   1. {main}() /home/ubuntu/workspace/llouks/Lab5/scart/scart/index.php:0
[24-Mar-2018 04:24:44 UTC] PHP Fatal error:  Cannot redeclare getProducts() (previously declared in /home/ubuntu/workspace/llouks/Lab5/scart/scart/wmapi.php:2) in /home/ubuntu/workspace/llouks/Lab5/scart/scart/wmapi.php on line 2
[24-Mar-2018 04:24:44 UTC] PHP Stack trace:
[24-Mar-2018 04:24:44 UTC] PHP   1. {main}() /home/ubuntu/workspace/llouks/Lab5/scart/scart/index.php:0
