[24-Mar-2018 05:18:42 UTC] PHP Warning:  curl_setopt_array(): Array keys must be CURLOPT constants or equivalent integer values in /home/ubuntu/workspace/llouks/Lab5/scart/scart/wmapi.php on line 15
[24-Mar-2018 05:18:42 UTC] PHP Stack trace:
[24-Mar-2018 05:18:42 UTC] PHP   1. {main}() /home/ubuntu/workspace/llouks/Lab5/scart/scart/index.php:0
[24-Mar-2018 05:18:42 UTC] PHP   2. getProducts() /home/ubuntu/workspace/llouks/Lab5/scart/scart/index.php:13
[24-Mar-2018 05:18:42 UTC] PHP   3. curl_setopt_array() /home/ubuntu/workspace/llouks/Lab5/scart/scart/wmapi.php:15
[24-Mar-2018 05:18:45 UTC] PHP Warning:  curl_setopt_array(): Array keys must be CURLOPT constants or equivalent integer values in /home/ubuntu/workspace/llouks/Lab5/scart/scart/wmapi.php on line 15
[24-Mar-2018 05:18:45 UTC] PHP Stack trace:
[24-Mar-2018 05:18:45 UTC] PHP   1. {main}() /home/ubuntu/workspace/llouks/Lab5/scart/scart/index.php:0
[24-Mar-2018 05:18:45 UTC] PHP   2. getProducts() /home/ubuntu/workspace/llouks/Lab5/scart/scart/index.php:13
[24-Mar-2018 05:18:45 UTC] PHP   3. curl_setopt_array() /home/ubuntu/workspace/llouks/Lab5/scart/scart/wmapi.php:15
[24-Mar-2018 05:27:08 UTC] PHP Fatal error:  Cannot redeclare displayResults() (previously declared in /home/ubuntu/workspace/llouks/Lab5/scart/scart/index.php:42) in /home/ubuntu/workspace/llouks/Lab5/scart/scart/functions.php on line 2
[24-Mar-2018 05:27:08 UTC] PHP Stack trace:
[24-Mar-2018 05:27:08 UTC] PHP   1. {main}() /home/ubuntu/workspace/llouks/Lab5/scart/scart/index.php:0
[24-Mar-2018 05:27:55 UTC] PHP Warning:  include(scart/functions.php): failed to open stream: No such file or directory in /home/ubuntu/workspace/llouks/Lab5/scart/scart/index.php on line 2
[24-Mar-2018 05:27:55 UTC] PHP Stack trace:
[24-Mar-2018 05:27:55 UTC] PHP   1. {main}() /home/ubuntu/workspace/llouks/Lab5/scart/scart/index.php:0
[24-Mar-2018 05:27:55 UTC] PHP Warning:  include(): Failed opening 'scart/functions.php' for inclusion (include_path='.:/usr/share/php:/usr/share/pear') in /home/ubuntu/workspace/llouks/Lab5/scart/scart/index.php on line 2
[24-Mar-2018 05:27:55 UTC] PHP Stack trace:
[24-Mar-2018 05:27:55 UTC] PHP   1. {main}() /home/ubuntu/workspace/llouks/Lab5/scart/scart/index.php:0
[24-Mar-2018 05:27:55 UTC] PHP Fatal error:  Call to undefined function displayResults() in /home/ubuntu/workspace/llouks/Lab5/scart/scart/index.php on line 89
[24-Mar-2018 05:27:55 UTC] PHP Stack trace:
[24-Mar-2018 05:27:55 UTC] PHP   1. {main}() /home/ubuntu/workspace/llouks/Lab5/scart/scart/index.php:0
[24-Mar-2018 05:28:21 UTC] PHP Warning:  include(../functions.php): failed to open stream: No such file or directory in /home/ubuntu/workspace/llouks/Lab5/scart/scart/index.php on line 2
[24-Mar-2018 05:28:21 UTC] PHP Stack trace:
[24-Mar-2018 05:28:21 UTC] PHP   1. {main}() /home/ubuntu/workspace/llouks/Lab5/scart/scart/index.php:0
[24-Mar-2018 05:28:21 UTC] PHP Warning:  include(): Failed opening '../functions.php' for inclusion (include_path='.:/usr/share/php:/usr/share/pear') in /home/ubuntu/workspace/llouks/Lab5/scart/scart/index.php on line 2
[24-Mar-2018 05:28:21 UTC] PHP Stack trace:
[24-Mar-2018 05:28:21 UTC] PHP   1. {main}() /home/ubuntu/workspace/llouks/Lab5/scart/scart/index.php:0
[24-Mar-2018 05:28:21 UTC] PHP Fatal error:  Call to undefined function displayResults() in /home/ubuntu/workspace/llouks/Lab5/scart/scart/index.php on line 89
[24-Mar-2018 05:28:21 UTC] PHP Stack trace:
[24-Mar-2018 05:28:21 UTC] PHP   1. {main}() /home/ubuntu/workspace/llouks/Lab5/scart/scart/index.php:0
[24-Mar-2018 05:28:53 UTC] PHP Warning:  include(scart/scart/functions.php): failed to open stream: No such file or directory in /home/ubuntu/workspace/llouks/Lab5/scart/scart/index.php on line 2
[24-Mar-2018 05:28:53 UTC] PHP Stack trace:
[24-Mar-2018 05:28:53 UTC] PHP   1. {main}() /home/ubuntu/workspace/llouks/Lab5/scart/scart/index.php:0
[24-Mar-2018 05:28:53 UTC] PHP Warning:  include(): Failed opening 'scart/scart/functions.php' for inclusion (include_path='.:/usr/share/php:/usr/share/pear') in /home/ubuntu/workspace/llouks/Lab5/scart/scart/index.php on line 2
[24-Mar-2018 05:28:53 UTC] PHP Stack trace:
[24-Mar-2018 05:28:53 UTC] PHP   1. {main}() /home/ubuntu/workspace/llouks/Lab5/scart/scart/index.php:0
[24-Mar-2018 05:28:53 UTC] PHP Fatal error:  Call to undefined function displayResults() in /home/ubuntu/workspace/llouks/Lab5/scart/scart/index.php on line 89
[24-Mar-2018 05:28:53 UTC] PHP Stack trace:
[24-Mar-2018 05:28:53 UTC] PHP   1. {main}() /home/ubuntu/workspace/llouks/Lab5/scart/scart/index.php:0
[25-Mar-2018 01:00:01 UTC] PHP Warning:  include(functions.php): failed to open stream: No such file or directory in /home/ubuntu/workspace/llouks/Lab5/scart/scart/index.php on line 2
[25-Mar-2018 01:00:01 UTC] PHP Stack trace:
[25-Mar-2018 01:00:01 UTC] PHP   1. {main}() /home/ubuntu/workspace/llouks/Lab5/scart/scart/index.php:0
[25-Mar-2018 01:00:01 UTC] PHP Warning:  include(): Failed opening 'functions.php' for inclusion (include_path='.:/usr/share/php:/usr/share/pear') in /home/ubuntu/workspace/llouks/Lab5/scart/scart/index.php on line 2
[25-Mar-2018 01:00:01 UTC] PHP Stack trace:
[25-Mar-2018 01:00:01 UTC] PHP   1. {main}() /home/ubuntu/workspace/llouks/Lab5/scart/scart/index.php:0
[25-Mar-2018 01:00:01 UTC] PHP Fatal error:  Call to undefined function displayCartCount() in /home/ubuntu/workspace/llouks/Lab5/scart/scart/index.php on line 71
[25-Mar-2018 01:00:01 UTC] PHP Stack trace:
[25-Mar-2018 01:00:01 UTC] PHP   1. {main}() /home/ubuntu/workspace/llouks/Lab5/scart/scart/index.php:0
